This file contains any messages produced by compilers while
running configure, to aid debugging if configure makes a mistake.

It was created by configure, which was
generated by GNU Autoconf 2.65.  Invocation command line was

  $ ./configure --disable-option-checking --prefix=/usr/local --disable-mcs51-port --disable-r2kk-port --disable-z180-port --disable-ds390-port --disable-ds400-port --disable-pic14-port --disable-pic16-port --disable-hc08-port docdir=${datarootdir}/doc/${PACKAGE} --cache-file=/dev/null --srcdir=.

## --------- ##
## Platform. ##
## --------- ##

hostname = nicks-mbp.att.net
uname -m = x86_64
uname -r = 13.0.0
uname -s = Darwin
uname -v = Darwin Kernel Version 13.0.0: Thu Sep 19 22:22:27 PDT 2013; root:xnu-2422.1.72~6/RELEASE_X86_64

/usr/bin/uname -p = i386
/bin/uname -X     = unknown

/bin/arch              = unknown
/usr/bin/arch -k       = unknown
/usr/convex/getsysinfo = unknown
/usr/bin/hostinfo      = Mach kernel version:
	 Darwin Kernel Version 13.0.0: Thu Sep 19 22:22:27 PDT 2013; root:xnu-2422.1.72~6/RELEASE_X86_64
Kernel configured for up to 4 processors.
2 processors are physically available.
4 processors are logically available.
Processor type: i486 (Intel 80486)
Processors active: 0 1 2 3
Primary memory available: 4.00 gigabytes
Default processor set: 223 tasks, 942 threads, 4 processors
Load average: 2.39, Mach factor: 1.80
/bin/machine           = unknown
/usr/bin/oslevel       = unknown
/bin/universe          = unknown

PATH: /Users/nickgallimore/.opam/system/bin
PATH: /Users/nickgallimore/Library/Enthought/Canopy_64bit/User/bin
PATH: /opt/local/bin
PATH: /opt/local/sbin
PATH: //anaconda/bin
PATH: /usr/bin
PATH: /bin
PATH: /usr/sbin
PATH: /sbin
PATH: /usr/local/bin
PATH: /usr/local/lib
PATH: /usr/local/include
PATH: /opt/X11/bin
PATH: /Applications/Server.app/Contents/ServerRoot/usr/bin
PATH: /Applications/Server.app/Contents/ServerRoot/usr/sbin
PATH: /usr/texbin
PATH: /usr/local/rvm/bin
PATH: /Library/Frameworks/JRuby.framework/Versions/Current/bin


## ----------- ##
## Core tests. ##
## ----------- ##

configure:2370: checking for gcc
configure:2386: found /usr/bin/gcc
configure:2397: result: gcc
configure:2626: checking for C compiler version
configure:2635: gcc --version >&5
Apple LLVM version 5.0 (clang-500.2.79) (based on LLVM 3.3svn)
Target: x86_64-apple-darwin13.0.0
Thread model: posix
Configured with: --prefix=/Applications/Xcode.app/Contents/Developer/usr --with-gxx-include-dir=/Applications/Xcode.app/Contents/Developer/Platforms/MacOSX.platform/Developer/SDKs/MacOSX10.9.sdk/usr/include/c++/4.2.1
configure:2646: $? = 0
configure:2635: gcc -v >&5
Configured with: --prefix=/Applications/Xcode.app/Contents/Developer/usr --with-gxx-include-dir=/Applications/Xcode.app/Contents/Developer/Platforms/MacOSX.platform/Developer/SDKs/MacOSX10.9.sdk/usr/include/c++/4.2.1
Apple LLVM version 5.0 (clang-500.2.79) (based on LLVM 3.3svn)
Target: x86_64-apple-darwin13.0.0
Thread model: posix
configure:2646: $? = 0
configure:2635: gcc -V >&5
clang: error: argument to '-V' is missing (expected 1 value)
clang: error: no input files
configure:2646: $? = 1
configure:2635: gcc -qversion >&5
clang: error: no input files
configure:2646: $? = 1
configure:2666: checking whether the C compiler works
configure:2688: gcc    conftest.c  >&5
configure:2692: $? = 0
configure:2741: result: yes
configure:2744: checking for C compiler default output file name
configure:2746: result: a.out
configure:2752: checking for suffix of executables
configure:2759: gcc -o conftest    conftest.c  >&5
configure:2763: $? = 0
configure:2785: result: 
configure:2807: checking whether we are cross compiling
configure:2815: gcc -o conftest    conftest.c  >&5
configure:2819: $? = 0
configure:2826: ./conftest
configure:2830: $? = 0
configure:2845: result: no
configure:2850: checking for suffix of object files
configure:2872: gcc -c   conftest.c >&5
configure:2876: $? = 0
configure:2897: result: o
configure:2901: checking whether we are using the GNU C compiler
configure:2920: gcc -c   conftest.c >&5
configure:2920: $? = 0
configure:2929: result: yes
configure:2938: checking whether gcc accepts -g
configure:2958: gcc -c -g  conftest.c >&5
configure:2958: $? = 0
configure:2999: result: yes
configure:3016: checking for gcc option to accept ISO C89
configure:3080: gcc  -c -g -O2  conftest.c >&5
configure:3080: $? = 0
configure:3093: result: none needed
configure:3114: checking whether gcc and cc understand -c and -o together
configure:3145: gcc -c conftest.c -o conftest2.o >&5
configure:3149: $? = 0
configure:3155: gcc -c conftest.c -o conftest2.o >&5
configure:3159: $? = 0
configure:3170: cc -c conftest.c >&5
configure:3174: $? = 0
configure:3182: cc -c conftest.c -o conftest2.o >&5
configure:3186: $? = 0
configure:3192: cc -c conftest.c -o conftest2.o >&5
configure:3196: $? = 0
configure:3214: result: yes
configure:3238: checking how to run the C preprocessor
configure:3269: gcc -E  conftest.c
configure:3269: $? = 0
configure:3283: gcc -E  conftest.c
conftest.c:9:10: fatal error: 'ac_nonexistent.h' file not found
#include <ac_nonexistent.h>
         ^
1 error generated.
configure:3283: $? = 1
configure: failed program was:
| /* confdefs.h */
| #define PACKAGE_NAME ""
| #define PACKAGE_TARNAME ""
| #define PACKAGE_VERSION ""
| #define PACKAGE_STRING ""
| #define PACKAGE_BUGREPORT ""
| #define PACKAGE_URL ""
| /* end confdefs.h.  */
| #include <ac_nonexistent.h>
configure:3308: result: gcc -E
configure:3328: gcc -E  conftest.c
configure:3328: $? = 0
configure:3342: gcc -E  conftest.c
conftest.c:9:10: fatal error: 'ac_nonexistent.h' file not found
#include <ac_nonexistent.h>
         ^
1 error generated.
configure:3342: $? = 1
configure: failed program was:
| /* confdefs.h */
| #define PACKAGE_NAME ""
| #define PACKAGE_TARNAME ""
| #define PACKAGE_VERSION ""
| #define PACKAGE_STRING ""
| #define PACKAGE_BUGREPORT ""
| #define PACKAGE_URL ""
| /* end confdefs.h.  */
| #include <ac_nonexistent.h>
configure:3371: checking for inline
configure:3387: gcc -c -g -O2  conftest.c >&5
configure:3387: $? = 0
configure:3395: result: inline
configure:3414: checking for built-in _Bool
configure:3430: gcc -c -g -O2  conftest.c >&5
configure:3430: $? = 0
configure:3438: result: yes
configure:3448: checking size of short
configure:3468: gcc -c -g -O2  conftest.c >&5
conftest.c:17:25: error: duplicate case value '0'
switch (0) case 0: case (sizeof (short) == 4):;
                        ^
conftest.c:17:17: note: previous case defined here
switch (0) case 0: case (sizeof (short) == 4):;
                ^
1 error generated.
configure:3468: $? = 1
configure: failed program was:
| /* confdefs.h */
| #define PACKAGE_NAME ""
| #define PACKAGE_TARNAME ""
| #define PACKAGE_VERSION ""
| #define PACKAGE_STRING ""
| #define PACKAGE_BUGREPORT ""
| #define PACKAGE_URL ""
| #define HAVE__BOOL 1
| /* end confdefs.h.  */
| #include "confdefs.h"
| #include <sys/types.h>
| 
| 
| int
| main ()
| {
| switch (0) case 0: case (sizeof (short) == 4):;
|   ;
|   return 0;
| }
configure:3468: gcc -c -g -O2  conftest.c >&5
conftest.c:17:25: error: duplicate case value '0'
switch (0) case 0: case (sizeof (short) == 8):;
                        ^
conftest.c:17:17: note: previous case defined here
switch (0) case 0: case (sizeof (short) == 8):;
                ^
1 error generated.
configure:3468: $? = 1
configure: failed program was:
| /* confdefs.h */
| #define PACKAGE_NAME ""
| #define PACKAGE_TARNAME ""
| #define PACKAGE_VERSION ""
| #define PACKAGE_STRING ""
| #define PACKAGE_BUGREPORT ""
| #define PACKAGE_URL ""
| #define HAVE__BOOL 1
| /* end confdefs.h.  */
| #include "confdefs.h"
| #include <sys/types.h>
| 
| 
| int
| main ()
| {
| switch (0) case 0: case (sizeof (short) == 8):;
|   ;
|   return 0;
| }
configure:3468: gcc -c -g -O2  conftest.c >&5
conftest.c:17:25: error: duplicate case value '0'
switch (0) case 0: case (sizeof (short) == 1):;
                        ^
conftest.c:17:17: note: previous case defined here
switch (0) case 0: case (sizeof (short) == 1):;
                ^
1 error generated.
configure:3468: $? = 1
configure: failed program was:
| /* confdefs.h */
| #define PACKAGE_NAME ""
| #define PACKAGE_TARNAME ""
| #define PACKAGE_VERSION ""
| #define PACKAGE_STRING ""
| #define PACKAGE_BUGREPORT ""
| #define PACKAGE_URL ""
| #define HAVE__BOOL 1
| /* end confdefs.h.  */
| #include "confdefs.h"
| #include <sys/types.h>
| 
| 
| int
| main ()
| {
| switch (0) case 0: case (sizeof (short) == 1):;
|   ;
|   return 0;
| }
configure:3468: gcc -c -g -O2  conftest.c >&5
configure:3468: $? = 0
configure:3480: result: 2
configure:3488: checking size of int
configure:3508: gcc -c -g -O2  conftest.c >&5
configure:3508: $? = 0
configure:3520: result: 4
configure:3528: checking size of long
configure:3548: gcc -c -g -O2  conftest.c >&5
conftest.c:19:25: error: duplicate case value '0'
switch (0) case 0: case (sizeof (long) == 4):;
                        ^
conftest.c:19:17: note: previous case defined here
switch (0) case 0: case (sizeof (long) == 4):;
                ^
1 error generated.
configure:3548: $? = 1
configure: failed program was:
| /* confdefs.h */
| #define PACKAGE_NAME ""
| #define PACKAGE_TARNAME ""
| #define PACKAGE_VERSION ""
| #define PACKAGE_STRING ""
| #define PACKAGE_BUGREPORT ""
| #define PACKAGE_URL ""
| #define HAVE__BOOL 1
| #define SIZEOF_SHORT 2
| #define SIZEOF_INT 4
| /* end confdefs.h.  */
| #include "confdefs.h"
| #include <sys/types.h>
| 
| 
| int
| main ()
| {
| switch (0) case 0: case (sizeof (long) == 4):;
|   ;
|   return 0;
| }
configure:3548: gcc -c -g -O2  conftest.c >&5
configure:3548: $? = 0
configure:3560: result: 8
configure:3570: checking for grep that handles long lines and -e
configure:3628: result: /usr/bin/grep
configure:3633: checking for egrep
configure:3695: result: /usr/bin/grep -E
configure:3700: checking execution character set
configure:3737: result: ASCII
configure:3756: checking whether make sets $(MAKE)
configure:3778: result: yes
configure:3788: checking whether a default assembler was specified
configure:3799: result: no
configure:3803: checking whether a default linker was specified
configure:3814: result: no
configure:3823: checking for gawk
configure:3853: result: no
configure:3823: checking for mawk
configure:3853: result: no
configure:3823: checking for nawk
configure:3853: result: no
configure:3823: checking for awk
configure:3839: found /usr/bin/awk
configure:3850: result: awk
configure:3867: checking whether ln works
configure:3890: result: yes
configure:3902: checking whether ln -s works
configure:3925: result: yes
configure:3980: checking for ranlib
configure:3996: found /usr/bin/ranlib
configure:4007: result: ranlib
configure:4062: checking for a BSD compatible install
configure:4104: result: /usr/bin/install -c
configure:4114: checking for ANSI C header files
configure:4134: gcc -c -g -O2  conftest.c >&5
configure:4134: $? = 0
configure:4207: gcc -o conftest -g -O2   conftest.c  >&5
configure:4207: $? = 0
configure:4207: ./conftest
configure:4207: $? = 0
configure:4218: result: yes
configure:4226: checking whether time.h and sys/time.h may both be included
configure:4246: gcc -c -g -O2  conftest.c >&5
configure:4246: $? = 0
configure:4253: result: yes
configure:4261: checking for working stdbool.h
configure:4277: gcc -c -g -O2  conftest.c >&5
configure:4277: $? = 0
configure:4284: result: yes
configure:4292: checking whether string.h and strings.h may both be included
configure:4309: gcc -c -g -O2  conftest.c >&5
configure:4309: $? = 0
configure:4316: result: yes
configure:4324: checking for sys/wait.h that is POSIX.1 compatible
configure:4350: gcc -c -g -O2  conftest.c >&5
configure:4350: $? = 0
configure:4357: result: yes
configure:4370: checking for sys/types.h
configure:4370: gcc -c -g -O2  conftest.c >&5
configure:4370: $? = 0
configure:4370: result: yes
configure:4370: checking for sys/stat.h
configure:4370: gcc -c -g -O2  conftest.c >&5
configure:4370: $? = 0
configure:4370: result: yes
configure:4370: checking for stdlib.h
configure:4370: gcc -c -g -O2  conftest.c >&5
configure:4370: $? = 0
configure:4370: result: yes
configure:4370: checking for string.h
configure:4370: gcc -c -g -O2  conftest.c >&5
configure:4370: $? = 0
configure:4370: result: yes
configure:4370: checking for memory.h
configure:4370: gcc -c -g -O2  conftest.c >&5
configure:4370: $? = 0
configure:4370: result: yes
configure:4370: checking for strings.h
configure:4370: gcc -c -g -O2  conftest.c >&5
configure:4370: $? = 0
configure:4370: result: yes
configure:4370: checking for inttypes.h
configure:4370: gcc -c -g -O2  conftest.c >&5
configure:4370: $? = 0
configure:4370: result: yes
configure:4370: checking for stdint.h
configure:4370: gcc -c -g -O2  conftest.c >&5
configure:4370: $? = 0
configure:4370: result: yes
configure:4370: checking for unistd.h
configure:4370: gcc -c -g -O2  conftest.c >&5
configure:4370: $? = 0
configure:4370: result: yes
configure:4389: checking limits.h usability
configure:4389: gcc -c -g -O2  conftest.c >&5
configure:4389: $? = 0
configure:4389: result: yes
configure:4389: checking limits.h presence
configure:4389: gcc -E  conftest.c
configure:4389: $? = 0
configure:4389: result: yes
configure:4389: checking for limits.h
configure:4389: result: yes
configure:4389: checking stddef.h usability
configure:4389: gcc -c -g -O2  conftest.c >&5
configure:4389: $? = 0
configure:4389: result: yes
configure:4389: checking stddef.h presence
configure:4389: gcc -E  conftest.c
configure:4389: $? = 0
configure:4389: result: yes
configure:4389: checking for stddef.h
configure:4389: result: yes
configure:4389: checking for string.h
configure:4389: result: yes
configure:4389: checking for strings.h
configure:4389: result: yes
configure:4389: checking for stdlib.h
configure:4389: result: yes
configure:4389: checking time.h usability
configure:4389: gcc -c -g -O2  conftest.c >&5
configure:4389: $? = 0
configure:4389: result: yes
configure:4389: checking time.h presence
configure:4389: gcc -E  conftest.c
configure:4389: $? = 0
configure:4389: result: yes
configure:4389: checking for time.h
configure:4389: result: yes
configure:4389: checking fcntl.h usability
configure:4389: gcc -c -g -O2  conftest.c >&5
configure:4389: $? = 0
configure:4389: result: yes
configure:4389: checking fcntl.h presence
configure:4389: gcc -E  conftest.c
configure:4389: $? = 0
configure:4389: result: yes
configure:4389: checking for fcntl.h
configure:4389: result: yes
configure:4389: checking for unistd.h
configure:4389: result: yes
configure:4389: checking sys/file.h usability
configure:4389: gcc -c -g -O2  conftest.c >&5
configure:4389: $? = 0
configure:4389: result: yes
configure:4389: checking sys/file.h presence
configure:4389: gcc -E  conftest.c
configure:4389: $? = 0
configure:4389: result: yes
configure:4389: checking for sys/file.h
configure:4389: result: yes
configure:4389: checking sys/time.h usability
configure:4389: gcc -c -g -O2  conftest.c >&5
configure:4389: $? = 0
configure:4389: result: yes
configure:4389: checking sys/time.h presence
configure:4389: gcc -E  conftest.c
configure:4389: $? = 0
configure:4389: result: yes
configure:4389: checking for sys/time.h
configure:4389: result: yes
configure:4389: checking sys/param.h usability
configure:4389: gcc -c -g -O2  conftest.c >&5
configure:4389: $? = 0
configure:4389: result: yes
configure:4389: checking sys/param.h presence
configure:4389: gcc -E  conftest.c
configure:4389: $? = 0
configure:4389: result: yes
configure:4389: checking for sys/param.h
configure:4389: result: yes
configure:4389: checking for sys/stat.h
configure:4389: result: yes
configure:4389: checking direct.h usability
configure:4389: gcc -c -g -O2  conftest.c >&5
conftest.c:72:10: fatal error: 'direct.h' file not found
#include <direct.h>
         ^
1 error generated.
configure:4389: $? = 1
configure: failed program was:
| /* confdefs.h */
| #define PACKAGE_NAME ""
| #define PACKAGE_TARNAME ""
| #define PACKAGE_VERSION ""
| #define PACKAGE_STRING ""
| #define PACKAGE_BUGREPORT ""
| #define PACKAGE_URL ""
| #define HAVE__BOOL 1
| #define SIZEOF_SHORT 2
| #define SIZEOF_INT 4
| #define SIZEOF_LONG 8
| #define STDC_HEADERS 1
| #define TIME_WITH_SYS_TIME 1
| #define HAVE_STDBOOL_H 1
| #define STRING_WITH_STRINGS 1
| #define HAVE_SYS_WAIT_H 1
| #define HAVE_SYS_TYPES_H 1
| #define HAVE_SYS_STAT_H 1
| #define HAVE_STDLIB_H 1
| #define HAVE_STRING_H 1
| #define HAVE_MEMORY_H 1
| #define HAVE_STRINGS_H 1
| #define HAVE_INTTYPES_H 1
| #define HAVE_STDINT_H 1
| #define HAVE_UNISTD_H 1
| #define HAVE_LIMITS_H 1
| #define HAVE_STDDEF_H 1
| #define HAVE_STRING_H 1
| #define HAVE_STRINGS_H 1
| #define HAVE_STDLIB_H 1
| #define HAVE_TIME_H 1
| #define HAVE_FCNTL_H 1
| #define HAVE_UNISTD_H 1
| #define HAVE_SYS_FILE_H 1
| #define HAVE_SYS_TIME_H 1
| #define HAVE_SYS_PARAM_H 1
| #define HAVE_SYS_STAT_H 1
| /* end confdefs.h.  */
| #include <stdio.h>
| #ifdef HAVE_SYS_TYPES_H
| # include <sys/types.h>
| #endif
| #ifdef HAVE_SYS_STAT_H
| # include <sys/stat.h>
| #endif
| #ifdef STDC_HEADERS
| # include <stdlib.h>
| # include <stddef.h>
| #else
| # ifdef HAVE_STDLIB_H
| #  include <stdlib.h>
| # endif
| #endif
| #ifdef HAVE_STRING_H
| # if !defined STDC_HEADERS && defined HAVE_MEMORY_H
| #  include <memory.h>
| # endif
| # include <string.h>
| #endif
| #ifdef HAVE_STRINGS_H
| # include <strings.h>
| #endif
| #ifdef HAVE_INTTYPES_H
| # include <inttypes.h>
| #endif
| #ifdef HAVE_STDINT_H
| # include <stdint.h>
| #endif
| #ifdef HAVE_UNISTD_H
| # include <unistd.h>
| #endif
| #include <direct.h>
configure:4389: result: no
configure:4389: checking direct.h presence
configure:4389: gcc -E  conftest.c
conftest.c:39:10: fatal error: 'direct.h' file not found
#include <direct.h>
         ^
1 error generated.
configure:4389: $? = 1
configure: failed program was:
| /* confdefs.h */
| #define PACKAGE_NAME ""
| #define PACKAGE_TARNAME ""
| #define PACKAGE_VERSION ""
| #define PACKAGE_STRING ""
| #define PACKAGE_BUGREPORT ""
| #define PACKAGE_URL ""
| #define HAVE__BOOL 1
| #define SIZEOF_SHORT 2
| #define SIZEOF_INT 4
| #define SIZEOF_LONG 8
| #define STDC_HEADERS 1
| #define TIME_WITH_SYS_TIME 1
| #define HAVE_STDBOOL_H 1
| #define STRING_WITH_STRINGS 1
| #define HAVE_SYS_WAIT_H 1
| #define HAVE_SYS_TYPES_H 1
| #define HAVE_SYS_STAT_H 1
| #define HAVE_STDLIB_H 1
| #define HAVE_STRING_H 1
| #define HAVE_MEMORY_H 1
| #define HAVE_STRINGS_H 1
| #define HAVE_INTTYPES_H 1
| #define HAVE_STDINT_H 1
| #define HAVE_UNISTD_H 1
| #define HAVE_LIMITS_H 1
| #define HAVE_STDDEF_H 1
| #define HAVE_STRING_H 1
| #define HAVE_STRINGS_H 1
| #define HAVE_STDLIB_H 1
| #define HAVE_TIME_H 1
| #define HAVE_FCNTL_H 1
| #define HAVE_UNISTD_H 1
| #define HAVE_SYS_FILE_H 1
| #define HAVE_SYS_TIME_H 1
| #define HAVE_SYS_PARAM_H 1
| #define HAVE_SYS_STAT_H 1
| /* end confdefs.h.  */
| #include <direct.h>
configure:4389: result: no
configure:4389: checking for direct.h
configure:4389: result: no
configure:4389: checking malloc.h usability
configure:4389: gcc -c -g -O2  conftest.c >&5
conftest.c:72:10: fatal error: 'malloc.h' file not found
#include <malloc.h>
         ^
1 error generated.
configure:4389: $? = 1
configure: failed program was:
| /* confdefs.h */
| #define PACKAGE_NAME ""
| #define PACKAGE_TARNAME ""
| #define PACKAGE_VERSION ""
| #define PACKAGE_STRING ""
| #define PACKAGE_BUGREPORT ""
| #define PACKAGE_URL ""
| #define HAVE__BOOL 1
| #define SIZEOF_SHORT 2
| #define SIZEOF_INT 4
| #define SIZEOF_LONG 8
| #define STDC_HEADERS 1
| #define TIME_WITH_SYS_TIME 1
| #define HAVE_STDBOOL_H 1
| #define STRING_WITH_STRINGS 1
| #define HAVE_SYS_WAIT_H 1
| #define HAVE_SYS_TYPES_H 1
| #define HAVE_SYS_STAT_H 1
| #define HAVE_STDLIB_H 1
| #define HAVE_STRING_H 1
| #define HAVE_MEMORY_H 1
| #define HAVE_STRINGS_H 1
| #define HAVE_INTTYPES_H 1
| #define HAVE_STDINT_H 1
| #define HAVE_UNISTD_H 1
| #define HAVE_LIMITS_H 1
| #define HAVE_STDDEF_H 1
| #define HAVE_STRING_H 1
| #define HAVE_STRINGS_H 1
| #define HAVE_STDLIB_H 1
| #define HAVE_TIME_H 1
| #define HAVE_FCNTL_H 1
| #define HAVE_UNISTD_H 1
| #define HAVE_SYS_FILE_H 1
| #define HAVE_SYS_TIME_H 1
| #define HAVE_SYS_PARAM_H 1
| #define HAVE_SYS_STAT_H 1
| /* end confdefs.h.  */
| #include <stdio.h>
| #ifdef HAVE_SYS_TYPES_H
| # include <sys/types.h>
| #endif
| #ifdef HAVE_SYS_STAT_H
| # include <sys/stat.h>
| #endif
| #ifdef STDC_HEADERS
| # include <stdlib.h>
| # include <stddef.h>
| #else
| # ifdef HAVE_STDLIB_H
| #  include <stdlib.h>
| # endif
| #endif
| #ifdef HAVE_STRING_H
| # if !defined STDC_HEADERS && defined HAVE_MEMORY_H
| #  include <memory.h>
| # endif
| # include <string.h>
| #endif
| #ifdef HAVE_STRINGS_H
| # include <strings.h>
| #endif
| #ifdef HAVE_INTTYPES_H
| # include <inttypes.h>
| #endif
| #ifdef HAVE_STDINT_H
| # include <stdint.h>
| #endif
| #ifdef HAVE_UNISTD_H
| # include <unistd.h>
| #endif
| #include <malloc.h>
configure:4389: result: no
configure:4389: checking malloc.h presence
configure:4389: gcc -E  conftest.c
conftest.c:39:10: fatal error: 'malloc.h' file not found
#include <malloc.h>
         ^
1 error generated.
configure:4389: $? = 1
configure: failed program was:
| /* confdefs.h */
| #define PACKAGE_NAME ""
| #define PACKAGE_TARNAME ""
| #define PACKAGE_VERSION ""
| #define PACKAGE_STRING ""
| #define PACKAGE_BUGREPORT ""
| #define PACKAGE_URL ""
| #define HAVE__BOOL 1
| #define SIZEOF_SHORT 2
| #define SIZEOF_INT 4
| #define SIZEOF_LONG 8
| #define STDC_HEADERS 1
| #define TIME_WITH_SYS_TIME 1
| #define HAVE_STDBOOL_H 1
| #define STRING_WITH_STRINGS 1
| #define HAVE_SYS_WAIT_H 1
| #define HAVE_SYS_TYPES_H 1
| #define HAVE_SYS_STAT_H 1
| #define HAVE_STDLIB_H 1
| #define HAVE_STRING_H 1
| #define HAVE_MEMORY_H 1
| #define HAVE_STRINGS_H 1
| #define HAVE_INTTYPES_H 1
| #define HAVE_STDINT_H 1
| #define HAVE_UNISTD_H 1
| #define HAVE_LIMITS_H 1
| #define HAVE_STDDEF_H 1
| #define HAVE_STRING_H 1
| #define HAVE_STRINGS_H 1
| #define HAVE_STDLIB_H 1
| #define HAVE_TIME_H 1
| #define HAVE_FCNTL_H 1
| #define HAVE_UNISTD_H 1
| #define HAVE_SYS_FILE_H 1
| #define HAVE_SYS_TIME_H 1
| #define HAVE_SYS_PARAM_H 1
| #define HAVE_SYS_STAT_H 1
| /* end confdefs.h.  */
| #include <malloc.h>
configure:4389: result: no
configure:4389: checking for malloc.h
configure:4389: result: no
configure:4404: checking for CHAR_BIT
configure:4428: result: yes
configure:4474: checking byte ordering
configure:4508: gcc -c -g -O2  conftest.c >&5
configure:4511: $? = 0
configure:4538: result: little-endian
configure:4552: checking for mktemp
configure:4568: found /usr/bin/mktemp
configure:4580: result: yes
configure:4591: checking for strip
configure:4607: found /usr/bin/strip
configure:4619: result: strip
configure:4630: checking for preprocessor stringizing operator
configure:4650: result: yes
configure:4663: checking for clock
configure:4663: gcc -o conftest -g -O2   conftest.c  >&5
configure:4663: $? = 0
configure:4663: result: yes
configure:4663: checking for strsignal
configure:4663: gcc -o conftest -g -O2   conftest.c  >&5
configure:4663: $? = 0
configure:4663: result: yes
configure:4663: checking for strchr
configure:4663: gcc -o conftest -g -O2   conftest.c  >&5
conftest.c:65:6: warning: incompatible redeclaration of library function 'strchr' [-Wincompatible-library-redeclaration]
char strchr ();
     ^
conftest.c:65:6: note: 'strchr' is a builtin with type 'char *(const char *, int)'
1 warning generated.
configure:4663: $? = 0
configure:4663: result: yes
configure:4663: checking for strrchr
configure:4663: gcc -o conftest -g -O2   conftest.c  >&5
conftest.c:66:6: warning: incompatible redeclaration of library function 'strrchr' [-Wincompatible-library-redeclaration]
char strrchr ();
     ^
conftest.c:66:6: note: 'strrchr' is a builtin with type 'char *(const char *, int)'
1 warning generated.
configure:4663: $? = 0
configure:4663: result: yes
configure:4663: checking for lstat
configure:4663: gcc -o conftest -g -O2   conftest.c  >&5
configure:4663: $? = 0
configure:4663: result: yes
configure:4674: checking for ssize_t
configure:4674: gcc -c -g -O2  conftest.c >&5
configure:4674: $? = 0
configure:4674: gcc -c -g -O2  conftest.c >&5
conftest.c:81:22: error: expected expression
if (sizeof ((ssize_t)))
                     ^
1 error generated.
configure:4674: $? = 1
configure: failed program was:
| /* confdefs.h */
| #define PACKAGE_NAME ""
| #define PACKAGE_TARNAME ""
| #define PACKAGE_VERSION ""
| #define PACKAGE_STRING ""
| #define PACKAGE_BUGREPORT ""
| #define PACKAGE_URL ""
| #define HAVE__BOOL 1
| #define SIZEOF_SHORT 2
| #define SIZEOF_INT 4
| #define SIZEOF_LONG 8
| #define STDC_HEADERS 1
| #define TIME_WITH_SYS_TIME 1
| #define HAVE_STDBOOL_H 1
| #define STRING_WITH_STRINGS 1
| #define HAVE_SYS_WAIT_H 1
| #define HAVE_SYS_TYPES_H 1
| #define HAVE_SYS_STAT_H 1
| #define HAVE_STDLIB_H 1
| #define HAVE_STRING_H 1
| #define HAVE_MEMORY_H 1
| #define HAVE_STRINGS_H 1
| #define HAVE_INTTYPES_H 1
| #define HAVE_STDINT_H 1
| #define HAVE_UNISTD_H 1
| #define HAVE_LIMITS_H 1
| #define HAVE_STDDEF_H 1
| #define HAVE_STRING_H 1
| #define HAVE_STRINGS_H 1
| #define HAVE_STDLIB_H 1
| #define HAVE_TIME_H 1
| #define HAVE_FCNTL_H 1
| #define HAVE_UNISTD_H 1
| #define HAVE_SYS_FILE_H 1
| #define HAVE_SYS_TIME_H 1
| #define HAVE_SYS_PARAM_H 1
| #define HAVE_SYS_STAT_H 1
| #define HAVE_STRINGIZE 1
| #define HAVE_CLOCK 1
| #define HAVE_STRSIGNAL 1
| #define HAVE_STRCHR 1
| #define HAVE_STRRCHR 1
| #define HAVE_LSTAT 1
| /* end confdefs.h.  */
| #include <stdio.h>
| #ifdef HAVE_SYS_TYPES_H
| # include <sys/types.h>
| #endif
| #ifdef HAVE_SYS_STAT_H
| # include <sys/stat.h>
| #endif
| #ifdef STDC_HEADERS
| # include <stdlib.h>
| # include <stddef.h>
| #else
| # ifdef HAVE_STDLIB_H
| #  include <stdlib.h>
| # endif
| #endif
| #ifdef HAVE_STRING_H
| # if !defined STDC_HEADERS && defined HAVE_MEMORY_H
| #  include <memory.h>
| # endif
| # include <string.h>
| #endif
| #ifdef HAVE_STRINGS_H
| # include <strings.h>
| #endif
| #ifdef HAVE_INTTYPES_H
| # include <inttypes.h>
| #endif
| #ifdef HAVE_STDINT_H
| # include <stdint.h>
| #endif
| #ifdef HAVE_UNISTD_H
| # include <unistd.h>
| #endif
| int
| main ()
| {
| if (sizeof ((ssize_t)))
| 	    return 0;
|   ;
|   return 0;
| }
configure:4674: result: yes
configure:4688: checking for getpagesize
configure:4688: gcc -o conftest -g -O2   conftest.c  >&5
configure:4688: $? = 0
configure:4688: result: yes
configure:4943: checking for working mmap from /dev/zero
configure:4963: gcc -o conftest -g -O2   conftest.c  >&5
In file included from conftest.c:46:
./ct-mmap.inc:97:5: warning: implicitly declaring library function 'exit' with type 'void (int) __attribute__((noreturn))'
    perror_exit("test 0 mmap", 2);
    ^
./ct-mmap.inc:59:21: note: expanded from macro 'perror_exit'
  do { perror(str); exit(val); } while (0)
                    ^
./ct-mmap.inc:97:5: note: please include the header <stdlib.h> or explicitly provide a declaration for 'exit'
./ct-mmap.inc:59:21: note: expanded from macro 'perror_exit'
  do { perror(str); exit(val); } while (0)
                    ^
./ct-mmap.inc:228:8: warning: implicit declaration of function 'getpagesize' is invalid in C99 [-Wimplicit-function-declaration]
  pg = getpagesize ();
       ^
2 warnings generated.
configure:4963: $? = 0
configure:4963: ./conftest
test 0 mmap: Operation not supported by device
configure:4963: $? = 2
configure: program exited with status 2
configure: failed program was:
| /* confdefs.h */
| #define PACKAGE_NAME ""
| #define PACKAGE_TARNAME ""
| #define PACKAGE_VERSION ""
| #define PACKAGE_STRING ""
| #define PACKAGE_BUGREPORT ""
| #define PACKAGE_URL ""
| #define HAVE__BOOL 1
| #define SIZEOF_SHORT 2
| #define SIZEOF_INT 4
| #define SIZEOF_LONG 8
| #define STDC_HEADERS 1
| #define TIME_WITH_SYS_TIME 1
| #define HAVE_STDBOOL_H 1
| #define STRING_WITH_STRINGS 1
| #define HAVE_SYS_WAIT_H 1
| #define HAVE_SYS_TYPES_H 1
| #define HAVE_SYS_STAT_H 1
| #define HAVE_STDLIB_H 1
| #define HAVE_STRING_H 1
| #define HAVE_MEMORY_H 1
| #define HAVE_STRINGS_H 1
| #define HAVE_INTTYPES_H 1
| #define HAVE_STDINT_H 1
| #define HAVE_UNISTD_H 1
| #define HAVE_LIMITS_H 1
| #define HAVE_STDDEF_H 1
| #define HAVE_STRING_H 1
| #define HAVE_STRINGS_H 1
| #define HAVE_STDLIB_H 1
| #define HAVE_TIME_H 1
| #define HAVE_FCNTL_H 1
| #define HAVE_UNISTD_H 1
| #define HAVE_SYS_FILE_H 1
| #define HAVE_SYS_TIME_H 1
| #define HAVE_SYS_PARAM_H 1
| #define HAVE_SYS_STAT_H 1
| #define HAVE_STRINGIZE 1
| #define HAVE_CLOCK 1
| #define HAVE_STRSIGNAL 1
| #define HAVE_STRCHR 1
| #define HAVE_STRRCHR 1
| #define HAVE_LSTAT 1
| #define HAVE_GETPAGESIZE 1
| /* end confdefs.h.  */
| #include "ct-mmap.inc"
configure:4977: result: no
configure:4985: checking for working mmap with MAP_ANON(YMOUS)
configure:5000: gcc -o conftest -g -O2   conftest.c  >&5
In file included from conftest.c:47:
./ct-mmap.inc:97:5: warning: implicitly declaring library function 'exit' with type 'void (int) __attribute__((noreturn))'
    perror_exit("test 0 mmap", 2);
    ^
./ct-mmap.inc:59:21: note: expanded from macro 'perror_exit'
  do { perror(str); exit(val); } while (0)
                    ^
./ct-mmap.inc:97:5: note: please include the header <stdlib.h> or explicitly provide a declaration for 'exit'
./ct-mmap.inc:59:21: note: expanded from macro 'perror_exit'
  do { perror(str); exit(val); } while (0)
                    ^
./ct-mmap.inc:228:8: warning: implicit declaration of function 'getpagesize' is invalid in C99 [-Wimplicit-function-declaration]
  pg = getpagesize ();
       ^
2 warnings generated.
configure:5000: $? = 0
configure:5000: ./conftest
configure:5000: $? = 0
configure:5014: result: yes
configure:5023: checking for working mmap of a file
configure:5075: gcc -o conftest -g -O2   conftest.c  >&5
conftest.c:64:5: warning: implicitly declaring library function 'exit' with type 'void (int) __attribute__((noreturn))'
    exit(1);
    ^
conftest.c:64:5: note: please include the header <stdlib.h> or explicitly provide a declaration for 'exit'
1 warning generated.
configure:5075: $? = 0
configure:5075: ./conftest
configure:5075: $? = 0
configure:5085: result: yes
configure:5101: checking whether getenv is declared
configure:5124: gcc -c -g -O2 -I. -I./../include  conftest.c >&5
In file included from conftest.c:52:
./system.h:532:10: fatal error: 'filenames.h' file not found
#include "filenames.h"
         ^
1 error generated.
configure:5124: $? = 1
configure: failed program was:
| /* confdefs.h */
| #define PACKAGE_NAME ""
| #define PACKAGE_TARNAME ""
| #define PACKAGE_VERSION ""
| #define PACKAGE_STRING ""
| #define PACKAGE_BUGREPORT ""
| #define PACKAGE_URL ""
| #define HAVE__BOOL 1
| #define SIZEOF_SHORT 2
| #define SIZEOF_INT 4
| #define SIZEOF_LONG 8
| #define STDC_HEADERS 1
| #define TIME_WITH_SYS_TIME 1
| #define HAVE_STDBOOL_H 1
| #define STRING_WITH_STRINGS 1
| #define HAVE_SYS_WAIT_H 1
| #define HAVE_SYS_TYPES_H 1
| #define HAVE_SYS_STAT_H 1
| #define HAVE_STDLIB_H 1
| #define HAVE_STRING_H 1
| #define HAVE_MEMORY_H 1
| #define HAVE_STRINGS_H 1
| #define HAVE_INTTYPES_H 1
| #define HAVE_STDINT_H 1
| #define HAVE_UNISTD_H 1
| #define HAVE_LIMITS_H 1
| #define HAVE_STDDEF_H 1
| #define HAVE_STRING_H 1
| #define HAVE_STRINGS_H 1
| #define HAVE_STDLIB_H 1
| #define HAVE_TIME_H 1
| #define HAVE_FCNTL_H 1
| #define HAVE_UNISTD_H 1
| #define HAVE_SYS_FILE_H 1
| #define HAVE_SYS_TIME_H 1
| #define HAVE_SYS_PARAM_H 1
| #define HAVE_SYS_STAT_H 1
| #define HAVE_STRINGIZE 1
| #define HAVE_CLOCK 1
| #define HAVE_STRSIGNAL 1
| #define HAVE_STRCHR 1
| #define HAVE_STRRCHR 1
| #define HAVE_LSTAT 1
| #define HAVE_GETPAGESIZE 1
| #define HAVE_MMAP_ANON 1
| #define HAVE_MMAP_FILE 1
| /* end confdefs.h.  */
| #undef HAVE_DECL_GETENV
| #define HAVE_DECL_GETENV 1
| 
| #include "ansidecl.h"
| #include "system.h"
| 
| int
| main ()
| {
| #ifndef getenv
| char *(*pfn) = (char *(*)) getenv ;
| #endif
|   ;
|   return 0;
| }
configure:5139: result: no
configure:5101: checking whether abort is declared
configure:5124: gcc -c -g -O2 -I. -I./../include  conftest.c >&5
In file included from conftest.c:53:
./system.h:532:10: fatal error: 'filenames.h' file not found
#include "filenames.h"
         ^
1 error generated.
configure:5124: $? = 1
configure: failed program was:
| /* confdefs.h */
| #define PACKAGE_NAME ""
| #define PACKAGE_TARNAME ""
| #define PACKAGE_VERSION ""
| #define PACKAGE_STRING ""
| #define PACKAGE_BUGREPORT ""
| #define PACKAGE_URL ""
| #define HAVE__BOOL 1
| #define SIZEOF_SHORT 2
| #define SIZEOF_INT 4
| #define SIZEOF_LONG 8
| #define STDC_HEADERS 1
| #define TIME_WITH_SYS_TIME 1
| #define HAVE_STDBOOL_H 1
| #define STRING_WITH_STRINGS 1
| #define HAVE_SYS_WAIT_H 1
| #define HAVE_SYS_TYPES_H 1
| #define HAVE_SYS_STAT_H 1
| #define HAVE_STDLIB_H 1
| #define HAVE_STRING_H 1
| #define HAVE_MEMORY_H 1
| #define HAVE_STRINGS_H 1
| #define HAVE_INTTYPES_H 1
| #define HAVE_STDINT_H 1
| #define HAVE_UNISTD_H 1
| #define HAVE_LIMITS_H 1
| #define HAVE_STDDEF_H 1
| #define HAVE_STRING_H 1
| #define HAVE_STRINGS_H 1
| #define HAVE_STDLIB_H 1
| #define HAVE_TIME_H 1
| #define HAVE_FCNTL_H 1
| #define HAVE_UNISTD_H 1
| #define HAVE_SYS_FILE_H 1
| #define HAVE_SYS_TIME_H 1
| #define HAVE_SYS_PARAM_H 1
| #define HAVE_SYS_STAT_H 1
| #define HAVE_STRINGIZE 1
| #define HAVE_CLOCK 1
| #define HAVE_STRSIGNAL 1
| #define HAVE_STRCHR 1
| #define HAVE_STRRCHR 1
| #define HAVE_LSTAT 1
| #define HAVE_GETPAGESIZE 1
| #define HAVE_MMAP_ANON 1
| #define HAVE_MMAP_FILE 1
| #define HAVE_DECL_GETENV 0
| /* end confdefs.h.  */
| #undef HAVE_DECL_ABORT
| #define HAVE_DECL_ABORT 1
| 
| #include "ansidecl.h"
| #include "system.h"
| 
| int
| main ()
| {
| #ifndef abort
| char *(*pfn) = (char *(*)) abort ;
| #endif
|   ;
|   return 0;
| }
configure:5139: result: no
configure:5101: checking whether strsignal is declared
configure:5124: gcc -c -g -O2 -I. -I./../include  conftest.c >&5
In file included from conftest.c:54:
./system.h:532:10: fatal error: 'filenames.h' file not found
#include "filenames.h"
         ^
1 error generated.
configure:5124: $? = 1
configure: failed program was:
| /* confdefs.h */
| #define PACKAGE_NAME ""
| #define PACKAGE_TARNAME ""
| #define PACKAGE_VERSION ""
| #define PACKAGE_STRING ""
| #define PACKAGE_BUGREPORT ""
| #define PACKAGE_URL ""
| #define HAVE__BOOL 1
| #define SIZEOF_SHORT 2
| #define SIZEOF_INT 4
| #define SIZEOF_LONG 8
| #define STDC_HEADERS 1
| #define TIME_WITH_SYS_TIME 1
| #define HAVE_STDBOOL_H 1
| #define STRING_WITH_STRINGS 1
| #define HAVE_SYS_WAIT_H 1
| #define HAVE_SYS_TYPES_H 1
| #define HAVE_SYS_STAT_H 1
| #define HAVE_STDLIB_H 1
| #define HAVE_STRING_H 1
| #define HAVE_MEMORY_H 1
| #define HAVE_STRINGS_H 1
| #define HAVE_INTTYPES_H 1
| #define HAVE_STDINT_H 1
| #define HAVE_UNISTD_H 1
| #define HAVE_LIMITS_H 1
| #define HAVE_STDDEF_H 1
| #define HAVE_STRING_H 1
| #define HAVE_STRINGS_H 1
| #define HAVE_STDLIB_H 1
| #define HAVE_TIME_H 1
| #define HAVE_FCNTL_H 1
| #define HAVE_UNISTD_H 1
| #define HAVE_SYS_FILE_H 1
| #define HAVE_SYS_TIME_H 1
| #define HAVE_SYS_PARAM_H 1
| #define HAVE_SYS_STAT_H 1
| #define HAVE_STRINGIZE 1
| #define HAVE_CLOCK 1
| #define HAVE_STRSIGNAL 1
| #define HAVE_STRCHR 1
| #define HAVE_STRRCHR 1
| #define HAVE_LSTAT 1
| #define HAVE_GETPAGESIZE 1
| #define HAVE_MMAP_ANON 1
| #define HAVE_MMAP_FILE 1
| #define HAVE_DECL_GETENV 0
| #define HAVE_DECL_ABORT 0
| /* end confdefs.h.  */
| #undef HAVE_DECL_STRSIGNAL
| #define HAVE_DECL_STRSIGNAL 1
| 
| #include "ansidecl.h"
| #include "system.h"
| 
| int
| main ()
| {
| #ifndef strsignal
| char *(*pfn) = (char *(*)) strsignal ;
| #endif
|   ;
|   return 0;
| }
configure:5139: result: no
configure:5101: checking whether errno is declared
configure:5124: gcc -c -g -O2 -I. -I./../include  conftest.c >&5
In file included from conftest.c:55:
./system.h:532:10: fatal error: 'filenames.h' file not found
#include "filenames.h"
         ^
1 error generated.
configure:5124: $? = 1
configure: failed program was:
| /* confdefs.h */
| #define PACKAGE_NAME ""
| #define PACKAGE_TARNAME ""
| #define PACKAGE_VERSION ""
| #define PACKAGE_STRING ""
| #define PACKAGE_BUGREPORT ""
| #define PACKAGE_URL ""
| #define HAVE__BOOL 1
| #define SIZEOF_SHORT 2
| #define SIZEOF_INT 4
| #define SIZEOF_LONG 8
| #define STDC_HEADERS 1
| #define TIME_WITH_SYS_TIME 1
| #define HAVE_STDBOOL_H 1
| #define STRING_WITH_STRINGS 1
| #define HAVE_SYS_WAIT_H 1
| #define HAVE_SYS_TYPES_H 1
| #define HAVE_SYS_STAT_H 1
| #define HAVE_STDLIB_H 1
| #define HAVE_STRING_H 1
| #define HAVE_MEMORY_H 1
| #define HAVE_STRINGS_H 1
| #define HAVE_INTTYPES_H 1
| #define HAVE_STDINT_H 1
| #define HAVE_UNISTD_H 1
| #define HAVE_LIMITS_H 1
| #define HAVE_STDDEF_H 1
| #define HAVE_STRING_H 1
| #define HAVE_STRINGS_H 1
| #define HAVE_STDLIB_H 1
| #define HAVE_TIME_H 1
| #define HAVE_FCNTL_H 1
| #define HAVE_UNISTD_H 1
| #define HAVE_SYS_FILE_H 1
| #define HAVE_SYS_TIME_H 1
| #define HAVE_SYS_PARAM_H 1
| #define HAVE_SYS_STAT_H 1
| #define HAVE_STRINGIZE 1
| #define HAVE_CLOCK 1
| #define HAVE_STRSIGNAL 1
| #define HAVE_STRCHR 1
| #define HAVE_STRRCHR 1
| #define HAVE_LSTAT 1
| #define HAVE_GETPAGESIZE 1
| #define HAVE_MMAP_ANON 1
| #define HAVE_MMAP_FILE 1
| #define HAVE_DECL_GETENV 0
| #define HAVE_DECL_ABORT 0
| #define HAVE_DECL_STRSIGNAL 0
| /* end confdefs.h.  */
| #undef HAVE_DECL_ERRNO
| #define HAVE_DECL_ERRNO 1
| 
| #include "ansidecl.h"
| #include "system.h"
| 
| int
| main ()
| {
| #ifndef errno
| char *(*pfn) = (char *(*)) errno ;
| #endif
|   ;
|   return 0;
| }
configure:5139: result: no
configure:5101: checking whether malloc is declared
configure:5124: gcc -c -g -O2 -I. -I./../include  conftest.c >&5
In file included from conftest.c:56:
./system.h:532:10: fatal error: 'filenames.h' file not found
#include "filenames.h"
         ^
1 error generated.
configure:5124: $? = 1
configure: failed program was:
| /* confdefs.h */
| #define PACKAGE_NAME ""
| #define PACKAGE_TARNAME ""
| #define PACKAGE_VERSION ""
| #define PACKAGE_STRING ""
| #define PACKAGE_BUGREPORT ""
| #define PACKAGE_URL ""
| #define HAVE__BOOL 1
| #define SIZEOF_SHORT 2
| #define SIZEOF_INT 4
| #define SIZEOF_LONG 8
| #define STDC_HEADERS 1
| #define TIME_WITH_SYS_TIME 1
| #define HAVE_STDBOOL_H 1
| #define STRING_WITH_STRINGS 1
| #define HAVE_SYS_WAIT_H 1
| #define HAVE_SYS_TYPES_H 1
| #define HAVE_SYS_STAT_H 1
| #define HAVE_STDLIB_H 1
| #define HAVE_STRING_H 1
| #define HAVE_MEMORY_H 1
| #define HAVE_STRINGS_H 1
| #define HAVE_INTTYPES_H 1
| #define HAVE_STDINT_H 1
| #define HAVE_UNISTD_H 1
| #define HAVE_LIMITS_H 1
| #define HAVE_STDDEF_H 1
| #define HAVE_STRING_H 1
| #define HAVE_STRINGS_H 1
| #define HAVE_STDLIB_H 1
| #define HAVE_TIME_H 1
| #define HAVE_FCNTL_H 1
| #define HAVE_UNISTD_H 1
| #define HAVE_SYS_FILE_H 1
| #define HAVE_SYS_TIME_H 1
| #define HAVE_SYS_PARAM_H 1
| #define HAVE_SYS_STAT_H 1
| #define HAVE_STRINGIZE 1
| #define HAVE_CLOCK 1
| #define HAVE_STRSIGNAL 1
| #define HAVE_STRCHR 1
| #define HAVE_STRRCHR 1
| #define HAVE_LSTAT 1
| #define HAVE_GETPAGESIZE 1
| #define HAVE_MMAP_ANON 1
| #define HAVE_MMAP_FILE 1
| #define HAVE_DECL_GETENV 0
| #define HAVE_DECL_ABORT 0
| #define HAVE_DECL_STRSIGNAL 0
| #define HAVE_DECL_ERRNO 0
| /* end confdefs.h.  */
| #undef HAVE_DECL_MALLOC
| #define HAVE_DECL_MALLOC 1
| 
| #include "ansidecl.h"
| #include "system.h"
| 
| int
| main ()
| {
| #ifndef malloc
| char *(*pfn) = (char *(*)) malloc ;
| #endif
|   ;
|   return 0;
| }
configure:5139: result: no
configure:5101: checking whether realloc is declared
configure:5124: gcc -c -g -O2 -I. -I./../include  conftest.c >&5
In file included from conftest.c:57:
./system.h:532:10: fatal error: 'filenames.h' file not found
#include "filenames.h"
         ^
1 error generated.
configure:5124: $? = 1
configure: failed program was:
| /* confdefs.h */
| #define PACKAGE_NAME ""
| #define PACKAGE_TARNAME ""
| #define PACKAGE_VERSION ""
| #define PACKAGE_STRING ""
| #define PACKAGE_BUGREPORT ""
| #define PACKAGE_URL ""
| #define HAVE__BOOL 1
| #define SIZEOF_SHORT 2
| #define SIZEOF_INT 4
| #define SIZEOF_LONG 8
| #define STDC_HEADERS 1
| #define TIME_WITH_SYS_TIME 1
| #define HAVE_STDBOOL_H 1
| #define STRING_WITH_STRINGS 1
| #define HAVE_SYS_WAIT_H 1
| #define HAVE_SYS_TYPES_H 1
| #define HAVE_SYS_STAT_H 1
| #define HAVE_STDLIB_H 1
| #define HAVE_STRING_H 1
| #define HAVE_MEMORY_H 1
| #define HAVE_STRINGS_H 1
| #define HAVE_INTTYPES_H 1
| #define HAVE_STDINT_H 1
| #define HAVE_UNISTD_H 1
| #define HAVE_LIMITS_H 1
| #define HAVE_STDDEF_H 1
| #define HAVE_STRING_H 1
| #define HAVE_STRINGS_H 1
| #define HAVE_STDLIB_H 1
| #define HAVE_TIME_H 1
| #define HAVE_FCNTL_H 1
| #define HAVE_UNISTD_H 1
| #define HAVE_SYS_FILE_H 1
| #define HAVE_SYS_TIME_H 1
| #define HAVE_SYS_PARAM_H 1
| #define HAVE_SYS_STAT_H 1
| #define HAVE_STRINGIZE 1
| #define HAVE_CLOCK 1
| #define HAVE_STRSIGNAL 1
| #define HAVE_STRCHR 1
| #define HAVE_STRRCHR 1
| #define HAVE_LSTAT 1
| #define HAVE_GETPAGESIZE 1
| #define HAVE_MMAP_ANON 1
| #define HAVE_MMAP_FILE 1
| #define HAVE_DECL_GETENV 0
| #define HAVE_DECL_ABORT 0
| #define HAVE_DECL_STRSIGNAL 0
| #define HAVE_DECL_ERRNO 0
| #define HAVE_DECL_MALLOC 0
| /* end confdefs.h.  */
| #undef HAVE_DECL_REALLOC
| #define HAVE_DECL_REALLOC 1
| 
| #include "ansidecl.h"
| #include "system.h"
| 
| int
| main ()
| {
| #ifndef realloc
| char *(*pfn) = (char *(*)) realloc ;
| #endif
|   ;
|   return 0;
| }
configure:5139: result: no
configure:5101: checking whether calloc is declared
configure:5124: gcc -c -g -O2 -I. -I./../include  conftest.c >&5
In file included from conftest.c:58:
./system.h:532:10: fatal error: 'filenames.h' file not found
#include "filenames.h"
         ^
1 error generated.
configure:5124: $? = 1
configure: failed program was:
| /* confdefs.h */
| #define PACKAGE_NAME ""
| #define PACKAGE_TARNAME ""
| #define PACKAGE_VERSION ""
| #define PACKAGE_STRING ""
| #define PACKAGE_BUGREPORT ""
| #define PACKAGE_URL ""
| #define HAVE__BOOL 1
| #define SIZEOF_SHORT 2
| #define SIZEOF_INT 4
| #define SIZEOF_LONG 8
| #define STDC_HEADERS 1
| #define TIME_WITH_SYS_TIME 1
| #define HAVE_STDBOOL_H 1
| #define STRING_WITH_STRINGS 1
| #define HAVE_SYS_WAIT_H 1
| #define HAVE_SYS_TYPES_H 1
| #define HAVE_SYS_STAT_H 1
| #define HAVE_STDLIB_H 1
| #define HAVE_STRING_H 1
| #define HAVE_MEMORY_H 1
| #define HAVE_STRINGS_H 1
| #define HAVE_INTTYPES_H 1
| #define HAVE_STDINT_H 1
| #define HAVE_UNISTD_H 1
| #define HAVE_LIMITS_H 1
| #define HAVE_STDDEF_H 1
| #define HAVE_STRING_H 1
| #define HAVE_STRINGS_H 1
| #define HAVE_STDLIB_H 1
| #define HAVE_TIME_H 1
| #define HAVE_FCNTL_H 1
| #define HAVE_UNISTD_H 1
| #define HAVE_SYS_FILE_H 1
| #define HAVE_SYS_TIME_H 1
| #define HAVE_SYS_PARAM_H 1
| #define HAVE_SYS_STAT_H 1
| #define HAVE_STRINGIZE 1
| #define HAVE_CLOCK 1
| #define HAVE_STRSIGNAL 1
| #define HAVE_STRCHR 1
| #define HAVE_STRRCHR 1
| #define HAVE_LSTAT 1
| #define HAVE_GETPAGESIZE 1
| #define HAVE_MMAP_ANON 1
| #define HAVE_MMAP_FILE 1
| #define HAVE_DECL_GETENV 0
| #define HAVE_DECL_ABORT 0
| #define HAVE_DECL_STRSIGNAL 0
| #define HAVE_DECL_ERRNO 0
| #define HAVE_DECL_MALLOC 0
| #define HAVE_DECL_REALLOC 0
| /* end confdefs.h.  */
| #undef HAVE_DECL_CALLOC
| #define HAVE_DECL_CALLOC 1
| 
| #include "ansidecl.h"
| #include "system.h"
| 
| int
| main ()
| {
| #ifndef calloc
| char *(*pfn) = (char *(*)) calloc ;
| #endif
|   ;
|   return 0;
| }
configure:5139: result: no
configure:5101: checking whether free is declared
configure:5124: gcc -c -g -O2 -I. -I./../include  conftest.c >&5
In file included from conftest.c:59:
./system.h:532:10: fatal error: 'filenames.h' file not found
#include "filenames.h"
         ^
1 error generated.
configure:5124: $? = 1
configure: failed program was:
| /* confdefs.h */
| #define PACKAGE_NAME ""
| #define PACKAGE_TARNAME ""
| #define PACKAGE_VERSION ""
| #define PACKAGE_STRING ""
| #define PACKAGE_BUGREPORT ""
| #define PACKAGE_URL ""
| #define HAVE__BOOL 1
| #define SIZEOF_SHORT 2
| #define SIZEOF_INT 4
| #define SIZEOF_LONG 8
| #define STDC_HEADERS 1
| #define TIME_WITH_SYS_TIME 1
| #define HAVE_STDBOOL_H 1
| #define STRING_WITH_STRINGS 1
| #define HAVE_SYS_WAIT_H 1
| #define HAVE_SYS_TYPES_H 1
| #define HAVE_SYS_STAT_H 1
| #define HAVE_STDLIB_H 1
| #define HAVE_STRING_H 1
| #define HAVE_MEMORY_H 1
| #define HAVE_STRINGS_H 1
| #define HAVE_INTTYPES_H 1
| #define HAVE_STDINT_H 1
| #define HAVE_UNISTD_H 1
| #define HAVE_LIMITS_H 1
| #define HAVE_STDDEF_H 1
| #define HAVE_STRING_H 1
| #define HAVE_STRINGS_H 1
| #define HAVE_STDLIB_H 1
| #define HAVE_TIME_H 1
| #define HAVE_FCNTL_H 1
| #define HAVE_UNISTD_H 1
| #define HAVE_SYS_FILE_H 1
| #define HAVE_SYS_TIME_H 1
| #define HAVE_SYS_PARAM_H 1
| #define HAVE_SYS_STAT_H 1
| #define HAVE_STRINGIZE 1
| #define HAVE_CLOCK 1
| #define HAVE_STRSIGNAL 1
| #define HAVE_STRCHR 1
| #define HAVE_STRRCHR 1
| #define HAVE_LSTAT 1
| #define HAVE_GETPAGESIZE 1
| #define HAVE_MMAP_ANON 1
| #define HAVE_MMAP_FILE 1
| #define HAVE_DECL_GETENV 0
| #define HAVE_DECL_ABORT 0
| #define HAVE_DECL_STRSIGNAL 0
| #define HAVE_DECL_ERRNO 0
| #define HAVE_DECL_MALLOC 0
| #define HAVE_DECL_REALLOC 0
| #define HAVE_DECL_CALLOC 0
| /* end confdefs.h.  */
| #undef HAVE_DECL_FREE
| #define HAVE_DECL_FREE 1
| 
| #include "ansidecl.h"
| #include "system.h"
| 
| int
| main ()
| {
| #ifndef free
| char *(*pfn) = (char *(*)) free ;
| #endif
|   ;
|   return 0;
| }
configure:5139: result: no
configure:5101: checking whether clock is declared
configure:5124: gcc -c -g -O2 -I. -I./../include  conftest.c >&5
In file included from conftest.c:60:
./system.h:532:10: fatal error: 'filenames.h' file not found
#include "filenames.h"
         ^
1 error generated.
configure:5124: $? = 1
configure: failed program was:
| /* confdefs.h */
| #define PACKAGE_NAME ""
| #define PACKAGE_TARNAME ""
| #define PACKAGE_VERSION ""
| #define PACKAGE_STRING ""
| #define PACKAGE_BUGREPORT ""
| #define PACKAGE_URL ""
| #define HAVE__BOOL 1
| #define SIZEOF_SHORT 2
| #define SIZEOF_INT 4
| #define SIZEOF_LONG 8
| #define STDC_HEADERS 1
| #define TIME_WITH_SYS_TIME 1
| #define HAVE_STDBOOL_H 1
| #define STRING_WITH_STRINGS 1
| #define HAVE_SYS_WAIT_H 1
| #define HAVE_SYS_TYPES_H 1
| #define HAVE_SYS_STAT_H 1
| #define HAVE_STDLIB_H 1
| #define HAVE_STRING_H 1
| #define HAVE_MEMORY_H 1
| #define HAVE_STRINGS_H 1
| #define HAVE_INTTYPES_H 1
| #define HAVE_STDINT_H 1
| #define HAVE_UNISTD_H 1
| #define HAVE_LIMITS_H 1
| #define HAVE_STDDEF_H 1
| #define HAVE_STRING_H 1
| #define HAVE_STRINGS_H 1
| #define HAVE_STDLIB_H 1
| #define HAVE_TIME_H 1
| #define HAVE_FCNTL_H 1
| #define HAVE_UNISTD_H 1
| #define HAVE_SYS_FILE_H 1
| #define HAVE_SYS_TIME_H 1
| #define HAVE_SYS_PARAM_H 1
| #define HAVE_SYS_STAT_H 1
| #define HAVE_STRINGIZE 1
| #define HAVE_CLOCK 1
| #define HAVE_STRSIGNAL 1
| #define HAVE_STRCHR 1
| #define HAVE_STRRCHR 1
| #define HAVE_LSTAT 1
| #define HAVE_GETPAGESIZE 1
| #define HAVE_MMAP_ANON 1
| #define HAVE_MMAP_FILE 1
| #define HAVE_DECL_GETENV 0
| #define HAVE_DECL_ABORT 0
| #define HAVE_DECL_STRSIGNAL 0
| #define HAVE_DECL_ERRNO 0
| #define HAVE_DECL_MALLOC 0
| #define HAVE_DECL_REALLOC 0
| #define HAVE_DECL_CALLOC 0
| #define HAVE_DECL_FREE 0
| /* end confdefs.h.  */
| #undef HAVE_DECL_CLOCK
| #define HAVE_DECL_CLOCK 1
| 
| #include "ansidecl.h"
| #include "system.h"
| 
| int
| main ()
| {
| #ifndef clock
| char *(*pfn) = (char *(*)) clock ;
| #endif
|   ;
|   return 0;
| }
configure:5139: result: no
configure:5174: checking if mkdir takes one argument
configure:5200: gcc -c -g -O2  conftest.c >&5
configure:5200: $? = 0
configure:5207: result: no
configure:5348: checking what assembler to use
configure:5430: result: /usr/bin/as
configure:5435: checking what nm to use
configure:5443: result: nm
configure:5447: checking whether to enable maintainer-specific portions of Makefiles
configure:5457: result: no
configure:5651: creating ./config.status

## ---------------------- ##
## Running config.status. ##
## ---------------------- ##

This file was extended by config.status, which was
generated by GNU Autoconf 2.65.  Invocation command line was

  CONFIG_FILES    = 
  CONFIG_HEADERS  = 
  CONFIG_LINKS    = 
  CONFIG_COMMANDS = 
  $ ./config.status 

on nicks-mbp.att.net

config.status:937: creating Makefile
config.status:937: creating auto-host.h
config.status:1112: executing default commands

## ---------------- ##
## Cache variables. ##
## ---------------- ##

ac_cv_c_charset=ASCII
ac_cv_c_compile_endian=little-endian
ac_cv_c_compiler_gnu=yes
ac_cv_c_inline=inline
ac_cv_c_stringize=yes
ac_cv_env_CC_set=
ac_cv_env_CC_value=
ac_cv_env_CFLAGS_set=
ac_cv_env_CFLAGS_value=
ac_cv_env_CPPFLAGS_set=
ac_cv_env_CPPFLAGS_value=
ac_cv_env_CPP_set=
ac_cv_env_CPP_value=
ac_cv_env_LDFLAGS_set=
ac_cv_env_LDFLAGS_value=
ac_cv_env_LIBS_set=
ac_cv_env_LIBS_value=
ac_cv_env_build_alias_set=
ac_cv_env_build_alias_value=
ac_cv_env_host_alias_set=
ac_cv_env_host_alias_value=
ac_cv_env_target_alias_set=
ac_cv_env_target_alias_value=
ac_cv_func_clock=yes
ac_cv_func_getpagesize=yes
ac_cv_func_lstat=yes
ac_cv_func_mmap_anon=yes
ac_cv_func_mmap_dev_zero=no
ac_cv_func_mmap_file=yes
ac_cv_func_strchr=yes
ac_cv_func_strrchr=yes
ac_cv_func_strsignal=yes
ac_cv_header_direct_h=no
ac_cv_header_fcntl_h=yes
ac_cv_header_inttypes_h=yes
ac_cv_header_limits_h=yes
ac_cv_header_malloc_h=no
ac_cv_header_memory_h=yes
ac_cv_header_stdbool_h=yes
ac_cv_header_stdc=yes
ac_cv_header_stddef_h=yes
ac_cv_header_stdint_h=yes
ac_cv_header_stdlib_h=yes
ac_cv_header_string_h=yes
ac_cv_header_strings_h=yes
ac_cv_header_sys_file_h=yes
ac_cv_header_sys_param_h=yes
ac_cv_header_sys_stat_h=yes
ac_cv_header_sys_time_h=yes
ac_cv_header_sys_types_h=yes
ac_cv_header_sys_wait_h=yes
ac_cv_header_time=yes
ac_cv_header_time_h=yes
ac_cv_header_unistd_h=yes
ac_cv_objext=o
ac_cv_path_EGREP='/usr/bin/grep -E'
ac_cv_path_GREP=/usr/bin/grep
ac_cv_path_install='/usr/bin/install -c'
ac_cv_prog_AWK=awk
ac_cv_prog_CPP='gcc -E'
ac_cv_prog_STRIP=strip
ac_cv_prog_ac_ct_CC=gcc
ac_cv_prog_ac_ct_RANLIB=ranlib
ac_cv_prog_cc_c89=
ac_cv_prog_cc_g=yes
ac_cv_prog_cc_gcc_c_o=yes
ac_cv_prog_have_mktemp_command=yes
ac_cv_prog_make_make_set=yes
ac_cv_sizeof_int=4
ac_cv_sizeof_long=8
ac_cv_sizeof_short=2
ac_cv_type_ssize_t=yes
gcc_cv_as=/usr/bin/as
gcc_cv_as_gas_srcdir=./gas
gcc_cv_c__bool=yes
gcc_cv_decl_char_bit=yes
gcc_cv_gas_major_version=
gcc_cv_gas_minor_version=
gcc_cv_have_decl_abort=no
gcc_cv_have_decl_calloc=no
gcc_cv_have_decl_clock=no
gcc_cv_have_decl_errno=no
gcc_cv_have_decl_free=no
gcc_cv_have_decl_getenv=no
gcc_cv_have_decl_malloc=no
gcc_cv_have_decl_realloc=no
gcc_cv_have_decl_strsignal=no
gcc_cv_header_string=yes
gcc_cv_mkdir_takes_one_arg=no
gcc_cv_nm=nm
gcc_cv_prog_LN=ln
gcc_cv_prog_LN_S='ln -s'

## ----------------- ##
## Output variables. ##
## ----------------- ##

AWK='awk'
CC='gcc'
CFLAGS='-g -O2'
CPP='gcc -E'
CPPFLAGS=''
DEFS='-DHAVE_CONFIG_H'
ECHO_C='\c'
ECHO_N=''
ECHO_T=''
EGREP='/usr/bin/grep -E'
EXEEXT=''
GREP='/usr/bin/grep'
INSTALL='/usr/bin/install -c'
INSTALL_DATA='${INSTALL} -m 644'
INSTALL_PROGRAM='${INSTALL}'
LDFLAGS=''
LIBOBJS=''
LIBS=''
LN='ln'
LN_S='ln -s'
LTLIBOBJS=''
MAINT='#'
NO_MINUS_C_MINUS_O=''
OBJEXT='o'
OUTPUT_OPTION='-o $@'
PACKAGE='sdcc'
PACKAGE_BUGREPORT=''
PACKAGE_NAME=''
PACKAGE_STRING=''
PACKAGE_TARNAME=''
PACKAGE_URL=''
PACKAGE_VERSION=''
PATH_SEPARATOR=':'
RANLIB='ranlib'
SET_MAKE=''
SHELL='/bin/sh'
STRIP='strip'
VERSION='const'
WALL_FLAG='-Wall'
ac_ct_CC='gcc'
all_stagestuff=''
bindir='${exec_prefix}/bin'
build_alias=''
build_canonical=''
build_exeext=''
build_install_headers_dir='install-headers-tar'
build_xm_defines=''
build_xm_file='auto-host.h ansidecl.h  /.h defaults.h'
build_xm_file_list=''
c_target_objs=''
check_languages=''
datadir='${datarootdir}'
datarootdir='${prefix}/share'
dep_host_xmake_file=''
dep_tmake_file=''
docdir='${datarootdir}/doc/${PACKAGE}'
dvidir='${docdir}'
exec_prefix='${prefix}'
extra_c_flags=''
extra_headers_list=''
extra_objs=' '
extra_parts=''
extra_passes=''
extra_programs=''
gcc_config_arguments=''
gcc_version='const'
gcc_version_full='const char version_string[] = BASEVER DATESTAMP DEVPHASE VERSUFFIX;'
gcc_version_trigger='./version.c'
have_mktemp_command='yes'
host_alias=''
host_canonical=''
host_exeext=''
host_extra_gcc_objs=''
htmldir='${docdir}'
includedir='${prefix}/include'
infodir='${datarootdir}/info'
install=''
lang_tree_files=''
libdir='${exec_prefix}/lib'
libexecdir='${exec_prefix}/libexec'
local_prefix='/usr/local'
localedir='${datarootdir}/locale'
localstatedir='${prefix}/var'
mandir='${datarootdir}/man'
manext='.1'
md_file='/.md'
objdir='/Users/nickgallimore/Documents/Software/TI84/sdcc/support/cpp'
objext='.o'
oldincludedir='/usr/include'
out_file='/.c'
out_object_file='.c.o'
pdfdir='${docdir}'
prefix='/usr/local'
program_transform_name='s,x,x,'
psdir='${docdir}'
sbindir='${exec_prefix}/sbin'
sharedstatedir='${prefix}/com'
symbolic_link='ln -s'
sysconfdir='${prefix}/etc'
target_alias=''
target_subdir=''
thread_file=''
warn_cflags='$(GCC_WARN_CFLAGS)'

## ----------- ##
## confdefs.h. ##
## ----------- ##

/* confdefs.h */
#define PACKAGE_NAME ""
#define PACKAGE_TARNAME ""
#define PACKAGE_VERSION ""
#define PACKAGE_STRING ""
#define PACKAGE_BUGREPORT ""
#define PACKAGE_URL ""
#define HAVE__BOOL 1
#define SIZEOF_SHORT 2
#define SIZEOF_INT 4
#define SIZEOF_LONG 8
#define STDC_HEADERS 1
#define TIME_WITH_SYS_TIME 1
#define HAVE_STDBOOL_H 1
#define STRING_WITH_STRINGS 1
#define HAVE_SYS_WAIT_H 1
#define HAVE_SYS_TYPES_H 1
#define HAVE_SYS_STAT_H 1
#define HAVE_STDLIB_H 1
#define HAVE_STRING_H 1
#define HAVE_MEMORY_H 1
#define HAVE_STRINGS_H 1
#define HAVE_INTTYPES_H 1
#define HAVE_STDINT_H 1
#define HAVE_UNISTD_H 1
#define HAVE_LIMITS_H 1
#define HAVE_STDDEF_H 1
#define HAVE_STRING_H 1
#define HAVE_STRINGS_H 1
#define HAVE_STDLIB_H 1
#define HAVE_TIME_H 1
#define HAVE_FCNTL_H 1
#define HAVE_UNISTD_H 1
#define HAVE_SYS_FILE_H 1
#define HAVE_SYS_TIME_H 1
#define HAVE_SYS_PARAM_H 1
#define HAVE_SYS_STAT_H 1
#define HAVE_STRINGIZE 1
#define HAVE_CLOCK 1
#define HAVE_STRSIGNAL 1
#define HAVE_STRCHR 1
#define HAVE_STRRCHR 1
#define HAVE_LSTAT 1
#define HAVE_GETPAGESIZE 1
#define HAVE_MMAP_ANON 1
#define HAVE_MMAP_FILE 1
#define HAVE_DECL_GETENV 0
#define HAVE_DECL_ABORT 0
#define HAVE_DECL_STRSIGNAL 0
#define HAVE_DECL_ERRNO 0
#define HAVE_DECL_MALLOC 0
#define HAVE_DECL_REALLOC 0
#define HAVE_DECL_CALLOC 0
#define HAVE_DECL_FREE 0
#define HAVE_DECL_CLOCK 0
#define PACKAGE "sdcc"
#define VERSION "const"

configure: exit 0
