This file contains any messages produced by compilers while
running configure, to aid debugging if configure makes a mistake.

It was created by configure, which was
generated by GNU Autoconf 2.65.  Invocation command line was

  $ ./configure --disable-option-checking --prefix=/usr/local --disable-mcs51-port --disable-r2kk-port --disable-z180-port --disable-ds390-port --disable-ds400-port --disable-pic14-port --disable-pic16-port --disable-hc08-port docdir=${datarootdir}/doc/${PACKAGE} --cache-file=/dev/null --srcdir=.

## --------- ##
## Platform. ##
## --------- ##

hostname = nicks-mbp.att.net
uname -m = x86_64
uname -r = 13.0.0
uname -s = Darwin
uname -v = Darwin Kernel Version 13.0.0: Thu Sep 19 22:22:27 PDT 2013; root:xnu-2422.1.72~6/RELEASE_X86_64

/usr/bin/uname -p = i386
/bin/uname -X     = unknown

/bin/arch              = unknown
/usr/bin/arch -k       = unknown
/usr/convex/getsysinfo = unknown
/usr/bin/hostinfo      = Mach kernel version:
	 Darwin Kernel Version 13.0.0: Thu Sep 19 22:22:27 PDT 2013; root:xnu-2422.1.72~6/RELEASE_X86_64
Kernel configured for up to 4 processors.
2 processors are physically available.
4 processors are logically available.
Processor type: i486 (Intel 80486)
Processors active: 0 1 2 3
Primary memory available: 4.00 gigabytes
Default processor set: 223 tasks, 957 threads, 4 processors
Load average: 2.41, Mach factor: 1.84
/bin/machine           = unknown
/usr/bin/oslevel       = unknown
/bin/universe          = unknown

PATH: /Users/nickgallimore/.opam/system/bin
PATH: /Users/nickgallimore/Library/Enthought/Canopy_64bit/User/bin
PATH: /opt/local/bin
PATH: /opt/local/sbin
PATH: //anaconda/bin
PATH: /usr/bin
PATH: /bin
PATH: /usr/sbin
PATH: /sbin
PATH: /usr/local/bin
PATH: /usr/local/lib
PATH: /usr/local/include
PATH: /opt/X11/bin
PATH: /Applications/Server.app/Contents/ServerRoot/usr/bin
PATH: /Applications/Server.app/Contents/ServerRoot/usr/sbin
PATH: /usr/texbin
PATH: /usr/local/rvm/bin
PATH: /Library/Frameworks/JRuby.framework/Versions/Current/bin


## ----------- ##
## Core tests. ##
## ----------- ##

configure:2079: checking for gcc
configure:2095: found /usr/bin/gcc
configure:2106: result: gcc
configure:2335: checking for C compiler version
configure:2344: gcc --version >&5
Apple LLVM version 5.0 (clang-500.2.79) (based on LLVM 3.3svn)
Target: x86_64-apple-darwin13.0.0
Thread model: posix
Configured with: --prefix=/Applications/Xcode.app/Contents/Developer/usr --with-gxx-include-dir=/Applications/Xcode.app/Contents/Developer/Platforms/MacOSX.platform/Developer/SDKs/MacOSX10.9.sdk/usr/include/c++/4.2.1
configure:2355: $? = 0
configure:2344: gcc -v >&5
Configured with: --prefix=/Applications/Xcode.app/Contents/Developer/usr --with-gxx-include-dir=/Applications/Xcode.app/Contents/Developer/Platforms/MacOSX.platform/Developer/SDKs/MacOSX10.9.sdk/usr/include/c++/4.2.1
Apple LLVM version 5.0 (clang-500.2.79) (based on LLVM 3.3svn)
Target: x86_64-apple-darwin13.0.0
Thread model: posix
configure:2355: $? = 0
configure:2344: gcc -V >&5
clang: error: argument to '-V' is missing (expected 1 value)
clang: error: no input files
configure:2355: $? = 1
configure:2344: gcc -qversion >&5
clang: error: no input files
configure:2355: $? = 1
configure:2375: checking whether the C compiler works
configure:2397: gcc    conftest.c  >&5
configure:2401: $? = 0
configure:2450: result: yes
configure:2453: checking for C compiler default output file name
configure:2455: result: a.out
configure:2461: checking for suffix of executables
configure:2468: gcc -o conftest    conftest.c  >&5
configure:2472: $? = 0
configure:2494: result: 
configure:2516: checking whether we are cross compiling
configure:2524: gcc -o conftest    conftest.c  >&5
configure:2528: $? = 0
configure:2535: ./conftest
configure:2539: $? = 0
configure:2554: result: no
configure:2559: checking for suffix of object files
configure:2581: gcc -c   conftest.c >&5
configure:2585: $? = 0
configure:2606: result: o
configure:2610: checking whether we are using the GNU C compiler
configure:2629: gcc -c   conftest.c >&5
configure:2629: $? = 0
configure:2638: result: yes
configure:2647: checking whether gcc accepts -g
configure:2667: gcc -c -g  conftest.c >&5
configure:2667: $? = 0
configure:2708: result: yes
configure:2725: checking for gcc option to accept ISO C89
configure:2789: gcc  -c -g -O2  conftest.c >&5
configure:2789: $? = 0
configure:2802: result: none needed
configure:2829: checking how to run the C preprocessor
configure:2860: gcc -E  conftest.c
configure:2860: $? = 0
configure:2874: gcc -E  conftest.c
conftest.c:9:10: fatal error: 'ac_nonexistent.h' file not found
#include <ac_nonexistent.h>
         ^
1 error generated.
configure:2874: $? = 1
configure: failed program was:
| /* confdefs.h */
| #define PACKAGE_NAME ""
| #define PACKAGE_TARNAME ""
| #define PACKAGE_VERSION ""
| #define PACKAGE_STRING ""
| #define PACKAGE_BUGREPORT ""
| #define PACKAGE_URL ""
| /* end confdefs.h.  */
| #include <ac_nonexistent.h>
configure:2899: result: gcc -E
configure:2919: gcc -E  conftest.c
configure:2919: $? = 0
configure:2933: gcc -E  conftest.c
conftest.c:9:10: fatal error: 'ac_nonexistent.h' file not found
#include <ac_nonexistent.h>
         ^
1 error generated.
configure:2933: $? = 1
configure: failed program was:
| /* confdefs.h */
| #define PACKAGE_NAME ""
| #define PACKAGE_TARNAME ""
| #define PACKAGE_VERSION ""
| #define PACKAGE_STRING ""
| #define PACKAGE_BUGREPORT ""
| #define PACKAGE_URL ""
| /* end confdefs.h.  */
| #include <ac_nonexistent.h>
configure:2962: checking for grep that handles long lines and -e
configure:3020: result: /usr/bin/grep
configure:3025: checking for egrep
configure:3087: result: /usr/bin/grep -E
configure:3092: checking for ANSI C header files
configure:3112: gcc -c -g -O2  conftest.c >&5
configure:3112: $? = 0
configure:3185: gcc -o conftest -g -O2   conftest.c  >&5
configure:3185: $? = 0
configure:3185: ./conftest
configure:3185: $? = 0
configure:3196: result: yes
configure:3209: checking for sys/types.h
configure:3209: gcc -c -g -O2  conftest.c >&5
configure:3209: $? = 0
configure:3209: result: yes
configure:3209: checking for sys/stat.h
configure:3209: gcc -c -g -O2  conftest.c >&5
configure:3209: $? = 0
configure:3209: result: yes
configure:3209: checking for stdlib.h
configure:3209: gcc -c -g -O2  conftest.c >&5
configure:3209: $? = 0
configure:3209: result: yes
configure:3209: checking for string.h
configure:3209: gcc -c -g -O2  conftest.c >&5
configure:3209: $? = 0
configure:3209: result: yes
configure:3209: checking for memory.h
configure:3209: gcc -c -g -O2  conftest.c >&5
configure:3209: $? = 0
configure:3209: result: yes
configure:3209: checking for strings.h
configure:3209: gcc -c -g -O2  conftest.c >&5
configure:3209: $? = 0
configure:3209: result: yes
configure:3209: checking for inttypes.h
configure:3209: gcc -c -g -O2  conftest.c >&5
configure:3209: $? = 0
configure:3209: result: yes
configure:3209: checking for stdint.h
configure:3209: gcc -c -g -O2  conftest.c >&5
configure:3209: $? = 0
configure:3209: result: yes
configure:3209: checking for unistd.h
configure:3209: gcc -c -g -O2  conftest.c >&5
configure:3209: $? = 0
configure:3209: result: yes
configure:3226: checking size of char
configure:3231: gcc -o conftest -g -O2   conftest.c  >&5
configure:3231: $? = 0
configure:3231: ./conftest
configure:3231: $? = 0
configure:3246: result: 1
configure:3260: checking size of short
configure:3265: gcc -o conftest -g -O2   conftest.c  >&5
configure:3265: $? = 0
configure:3265: ./conftest
configure:3265: $? = 0
configure:3280: result: 2
configure:3294: checking size of int
configure:3299: gcc -o conftest -g -O2   conftest.c  >&5
configure:3299: $? = 0
configure:3299: ./conftest
configure:3299: $? = 0
configure:3314: result: 4
configure:3328: checking size of long
configure:3333: gcc -o conftest -g -O2   conftest.c  >&5
configure:3333: $? = 0
configure:3333: ./conftest
configure:3333: $? = 0
configure:3348: result: 8
configure:3362: checking size of long long
configure:3367: gcc -o conftest -g -O2   conftest.c  >&5
configure:3367: $? = 0
configure:3367: ./conftest
configure:3367: $? = 0
configure:3382: result: 8
configure:3418: checking type name for byte
configure:3421: result: char
configure:3423: checking type name for word
configure:3426: result: short
configure:3555: creating ./config.status

## ---------------------- ##
## Running config.status. ##
## ---------------------- ##

This file was extended by config.status, which was
generated by GNU Autoconf 2.65.  Invocation command line was

  CONFIG_FILES    = 
  CONFIG_HEADERS  = 
  CONFIG_LINKS    = 
  CONFIG_COMMANDS = 
  $ ./config.status 

on nicks-mbp.att.net

config.status:809: creating Makefile
config.status:809: creating config.h

## ---------------- ##
## Cache variables. ##
## ---------------- ##

ac_cv_c_compiler_gnu=yes
ac_cv_env_CC_set=
ac_cv_env_CC_value=
ac_cv_env_CFLAGS_set=
ac_cv_env_CFLAGS_value=
ac_cv_env_CPPFLAGS_set=
ac_cv_env_CPPFLAGS_value=
ac_cv_env_CPP_set=
ac_cv_env_CPP_value=
ac_cv_env_LDFLAGS_set=
ac_cv_env_LDFLAGS_value=
ac_cv_env_LIBS_set=
ac_cv_env_LIBS_value=
ac_cv_env_build_alias_set=
ac_cv_env_build_alias_value=
ac_cv_env_host_alias_set=
ac_cv_env_host_alias_value=
ac_cv_env_target_alias_set=
ac_cv_env_target_alias_value=
ac_cv_header_inttypes_h=yes
ac_cv_header_memory_h=yes
ac_cv_header_stdc=yes
ac_cv_header_stdint_h=yes
ac_cv_header_stdlib_h=yes
ac_cv_header_string_h=yes
ac_cv_header_strings_h=yes
ac_cv_header_sys_stat_h=yes
ac_cv_header_sys_types_h=yes
ac_cv_header_unistd_h=yes
ac_cv_objext=o
ac_cv_path_EGREP='/usr/bin/grep -E'
ac_cv_path_GREP=/usr/bin/grep
ac_cv_prog_CPP='gcc -E'
ac_cv_prog_ac_ct_CC=gcc
ac_cv_prog_cc_c89=
ac_cv_prog_cc_g=yes
ac_cv_sizeof_char=1
ac_cv_sizeof_int=4
ac_cv_sizeof_long=8
ac_cv_sizeof_long_long=8
ac_cv_sizeof_short=2

## ----------------- ##
## Output variables. ##
## ----------------- ##

CC='gcc'
CFLAGS='-g -O2'
CPP='gcc -E'
CPPFLAGS=''
DEFS='-DHAVE_CONFIG_H'
ECHO_C='\c'
ECHO_N=''
ECHO_T=''
EGREP='/usr/bin/grep -E'
EXEEXT=''
GREP='/usr/bin/grep'
LDFLAGS=''
LIBOBJS=''
LIBS=''
LTLIBOBJS=''
OBJEXT='o'
PACKAGE_BUGREPORT=''
PACKAGE_NAME=''
PACKAGE_STRING=''
PACKAGE_TARNAME=''
PACKAGE_URL=''
PACKAGE_VERSION=''
PATH_SEPARATOR=':'
SHELL='/bin/sh'
ac_ct_CC='gcc'
bindir='${exec_prefix}/bin'
build_alias=''
datadir='${datarootdir}'
datarootdir='${prefix}/share'
docdir='${datarootdir}/doc/${PACKAGE}'
dvidir='${docdir}'
exec_prefix='${prefix}'
host_alias=''
htmldir='${docdir}'
includedir='${prefix}/include'
infodir='${datarootdir}/info'
libdir='${exec_prefix}/lib'
libexecdir='${exec_prefix}/libexec'
localedir='${datarootdir}/locale'
localstatedir='${prefix}/var'
mandir='${datarootdir}/man'
oldincludedir='/usr/include'
pdfdir='${docdir}'
prefix='/usr/local'
program_transform_name='s,x,x,'
psdir='${docdir}'
sbindir='${exec_prefix}/sbin'
sharedstatedir='${prefix}/com'
sysconfdir='${prefix}/etc'
target_alias=''

## ----------- ##
## confdefs.h. ##
## ----------- ##

/* confdefs.h */
#define PACKAGE_NAME ""
#define PACKAGE_TARNAME ""
#define PACKAGE_VERSION ""
#define PACKAGE_STRING ""
#define PACKAGE_BUGREPORT ""
#define PACKAGE_URL ""
#define STDC_HEADERS 1
#define HAVE_SYS_TYPES_H 1
#define HAVE_SYS_STAT_H 1
#define HAVE_STDLIB_H 1
#define HAVE_STRING_H 1
#define HAVE_MEMORY_H 1
#define HAVE_STRINGS_H 1
#define HAVE_INTTYPES_H 1
#define HAVE_STDINT_H 1
#define HAVE_UNISTD_H 1
#define SIZEOF_CHAR 1
#define SIZEOF_SHORT 2
#define SIZEOF_INT 4
#define SIZEOF_LONG 8
#define SIZEOF_LONG_LONG 8
#define TYPE_BYTE char
#define TYPE_WORD short
#define TYPE_UBYTE unsigned char
#define TYPE_UWORD unsigned short

configure: exit 0
