This file contains any messages produced by compilers while
running configure, to aid debugging if configure makes a mistake.

It was created by configure, which was
generated by GNU Autoconf 2.67.  Invocation command line was

  $ ./configure --disable-option-checking --prefix=/usr/local --disable-mcs51-port --disable-r2kk-port --disable-z180-port --disable-ds390-port --disable-ds400-port --disable-pic14-port --disable-pic16-port --disable-hc08-port docdir=${datarootdir}/doc/${PACKAGE} --cache-file=/dev/null --srcdir=.

## --------- ##
## Platform. ##
## --------- ##

hostname = nicks-mbp.att.net
uname -m = x86_64
uname -r = 13.0.0
uname -s = Darwin
uname -v = Darwin Kernel Version 13.0.0: Thu Sep 19 22:22:27 PDT 2013; root:xnu-2422.1.72~6/RELEASE_X86_64

/usr/bin/uname -p = i386
/bin/uname -X     = unknown

/bin/arch              = unknown
/usr/bin/arch -k       = unknown
/usr/convex/getsysinfo = unknown
/usr/bin/hostinfo      = Mach kernel version:
	 Darwin Kernel Version 13.0.0: Thu Sep 19 22:22:27 PDT 2013; root:xnu-2422.1.72~6/RELEASE_X86_64
Kernel configured for up to 4 processors.
2 processors are physically available.
4 processors are logically available.
Processor type: i486 (Intel 80486)
Processors active: 0 1 2 3
Primary memory available: 4.00 gigabytes
Default processor set: 223 tasks, 947 threads, 4 processors
Load average: 2.75, Mach factor: 1.56
/bin/machine           = unknown
/usr/bin/oslevel       = unknown
/bin/universe          = unknown

PATH: /Users/nickgallimore/.opam/system/bin
PATH: /Users/nickgallimore/Library/Enthought/Canopy_64bit/User/bin
PATH: /opt/local/bin
PATH: /opt/local/sbin
PATH: //anaconda/bin
PATH: /usr/bin
PATH: /bin
PATH: /usr/sbin
PATH: /sbin
PATH: /usr/local/bin
PATH: /usr/local/lib
PATH: /usr/local/include
PATH: /opt/X11/bin
PATH: /Applications/Server.app/Contents/ServerRoot/usr/bin
PATH: /Applications/Server.app/Contents/ServerRoot/usr/sbin
PATH: /usr/texbin
PATH: /usr/local/rvm/bin
PATH: /Library/Frameworks/JRuby.framework/Versions/Current/bin


## ----------- ##
## Core tests. ##
## ----------- ##

configure:2057: checking for gcc
configure:2073: found /usr/bin/gcc
configure:2084: result: gcc
configure:2313: checking for C compiler version
configure:2322: gcc --version >&5
Apple LLVM version 5.0 (clang-500.2.79) (based on LLVM 3.3svn)
Target: x86_64-apple-darwin13.0.0
Thread model: posix
Configured with: --prefix=/Applications/Xcode.app/Contents/Developer/usr --with-gxx-include-dir=/Applications/Xcode.app/Contents/Developer/Platforms/MacOSX.platform/Developer/SDKs/MacOSX10.9.sdk/usr/include/c++/4.2.1
configure:2333: $? = 0
configure:2322: gcc -v >&5
Configured with: --prefix=/Applications/Xcode.app/Contents/Developer/usr --with-gxx-include-dir=/Applications/Xcode.app/Contents/Developer/Platforms/MacOSX.platform/Developer/SDKs/MacOSX10.9.sdk/usr/include/c++/4.2.1
Apple LLVM version 5.0 (clang-500.2.79) (based on LLVM 3.3svn)
Target: x86_64-apple-darwin13.0.0
Thread model: posix
configure:2333: $? = 0
configure:2322: gcc -V >&5
clang: error: argument to '-V' is missing (expected 1 value)
clang: error: no input files
configure:2333: $? = 1
configure:2322: gcc -qversion >&5
clang: error: no input files
configure:2333: $? = 1
configure:2353: checking whether the C compiler works
configure:2375: gcc    conftest.c  >&5
configure:2379: $? = 0
configure:2427: result: yes
configure:2430: checking for C compiler default output file name
configure:2432: result: a.out
configure:2438: checking for suffix of executables
configure:2445: gcc -o conftest    conftest.c  >&5
configure:2449: $? = 0
configure:2471: result: 
configure:2493: checking whether we are cross compiling
configure:2501: gcc -o conftest    conftest.c  >&5
configure:2505: $? = 0
configure:2512: ./conftest
configure:2516: $? = 0
configure:2531: result: no
configure:2536: checking for suffix of object files
configure:2558: gcc -c   conftest.c >&5
configure:2562: $? = 0
configure:2583: result: o
configure:2587: checking whether we are using the GNU C compiler
configure:2606: gcc -c   conftest.c >&5
configure:2606: $? = 0
configure:2615: result: yes
configure:2624: checking whether gcc accepts -g
configure:2644: gcc -c -g  conftest.c >&5
configure:2644: $? = 0
configure:2685: result: yes
configure:2702: checking for gcc option to accept ISO C89
configure:2766: gcc  -c -g -O2  conftest.c >&5
configure:2766: $? = 0
configure:2779: result: none needed
configure:2805: checking how to run the C preprocessor
configure:2836: gcc -E  conftest.c
configure:2836: $? = 0
configure:2850: gcc -E  conftest.c
conftest.c:9:10: fatal error: 'ac_nonexistent.h' file not found
#include <ac_nonexistent.h>
         ^
1 error generated.
configure:2850: $? = 1
configure: failed program was:
| /* confdefs.h */
| #define PACKAGE_NAME ""
| #define PACKAGE_TARNAME ""
| #define PACKAGE_VERSION ""
| #define PACKAGE_STRING ""
| #define PACKAGE_BUGREPORT ""
| #define PACKAGE_URL ""
| /* end confdefs.h.  */
| #include <ac_nonexistent.h>
configure:2875: result: gcc -E
configure:2895: gcc -E  conftest.c
configure:2895: $? = 0
configure:2909: gcc -E  conftest.c
conftest.c:9:10: fatal error: 'ac_nonexistent.h' file not found
#include <ac_nonexistent.h>
         ^
1 error generated.
configure:2909: $? = 1
configure: failed program was:
| /* confdefs.h */
| #define PACKAGE_NAME ""
| #define PACKAGE_TARNAME ""
| #define PACKAGE_VERSION ""
| #define PACKAGE_STRING ""
| #define PACKAGE_BUGREPORT ""
| #define PACKAGE_URL ""
| /* end confdefs.h.  */
| #include <ac_nonexistent.h>
configure:2938: checking for grep that handles long lines and -e
configure:2996: result: /usr/bin/grep
configure:3001: checking for egrep
configure:3063: result: /usr/bin/grep -E
configure:3068: checking for ANSI C header files
configure:3088: gcc -c -g -O2  conftest.c >&5
configure:3088: $? = 0
configure:3161: gcc -o conftest -g -O2   conftest.c  >&5
configure:3161: $? = 0
configure:3161: ./conftest
configure:3161: $? = 0
configure:3172: result: yes
configure:3185: checking for sys/types.h
configure:3185: gcc -c -g -O2  conftest.c >&5
configure:3185: $? = 0
configure:3185: result: yes
configure:3185: checking for sys/stat.h
configure:3185: gcc -c -g -O2  conftest.c >&5
configure:3185: $? = 0
configure:3185: result: yes
configure:3185: checking for stdlib.h
configure:3185: gcc -c -g -O2  conftest.c >&5
configure:3185: $? = 0
configure:3185: result: yes
configure:3185: checking for string.h
configure:3185: gcc -c -g -O2  conftest.c >&5
configure:3185: $? = 0
configure:3185: result: yes
configure:3185: checking for memory.h
configure:3185: gcc -c -g -O2  conftest.c >&5
configure:3185: $? = 0
configure:3185: result: yes
configure:3185: checking for strings.h
configure:3185: gcc -c -g -O2  conftest.c >&5
configure:3185: $? = 0
configure:3185: result: yes
configure:3185: checking for inttypes.h
configure:3185: gcc -c -g -O2  conftest.c >&5
configure:3185: $? = 0
configure:3185: result: yes
configure:3185: checking for stdint.h
configure:3185: gcc -c -g -O2  conftest.c >&5
configure:3185: $? = 0
configure:3185: result: yes
configure:3185: checking for unistd.h
configure:3185: gcc -c -g -O2  conftest.c >&5
configure:3185: $? = 0
configure:3185: result: yes
configure:3199: checking readline/readline.h usability
configure:3199: gcc -c -g -O2  conftest.c >&5
configure:3199: $? = 0
configure:3199: result: yes
configure:3199: checking readline/readline.h presence
configure:3199: gcc -E  conftest.c
configure:3199: $? = 0
configure:3199: result: yes
configure:3199: checking for readline/readline.h
configure:3199: result: yes
configure:3234: checking for GNU Readline library -lreadline.dll
configure:3258: gcc -o conftest -g -O2   conftest.c  -lreadline.dll >&5
ld: library not found for -lreadline.dll
clang: error: linker command failed with exit code 1 (use -v to see invocation)
configure:3258: $? = 1
configure: failed program was:
| /* confdefs.h */
| #define PACKAGE_NAME ""
| #define PACKAGE_TARNAME ""
| #define PACKAGE_VERSION ""
| #define PACKAGE_STRING ""
| #define PACKAGE_BUGREPORT ""
| #define PACKAGE_URL ""
| #define STDC_HEADERS 1
| #define HAVE_SYS_TYPES_H 1
| #define HAVE_SYS_STAT_H 1
| #define HAVE_STDLIB_H 1
| #define HAVE_STRING_H 1
| #define HAVE_MEMORY_H 1
| #define HAVE_STRINGS_H 1
| #define HAVE_INTTYPES_H 1
| #define HAVE_STDINT_H 1
| #define HAVE_UNISTD_H 1
| /* end confdefs.h.  */
| 
|         /* includes */
|         #include <stdio.h>
|         #include <readline/readline.h>
| 
| int
| main ()
| {
| 
|         /* function-body */
|         int dummy = rl_completion_append_character; /* rl_completion_append_character appeared in version 2.1 */
|         readline(NULL);
| 
|   ;
|   return 0;
| }
configure:3267: result: no
configure:3234: checking for GNU Readline library -lreadline
configure:3258: gcc -o conftest -g -O2   conftest.c  -lreadline >&5
configure:3258: $? = 0
configure:3261: result: yes
configure:3339: checking for gcc
configure:3366: result: gcc
configure:3595: checking for C compiler version
configure:3604: gcc --version >&5
Apple LLVM version 5.0 (clang-500.2.79) (based on LLVM 3.3svn)
Target: x86_64-apple-darwin13.0.0
Thread model: posix
Configured with: --prefix=/Applications/Xcode.app/Contents/Developer/usr --with-gxx-include-dir=/Applications/Xcode.app/Contents/Developer/Platforms/MacOSX.platform/Developer/SDKs/MacOSX10.9.sdk/usr/include/c++/4.2.1
configure:3615: $? = 0
configure:3604: gcc -v >&5
Configured with: --prefix=/Applications/Xcode.app/Contents/Developer/usr --with-gxx-include-dir=/Applications/Xcode.app/Contents/Developer/Platforms/MacOSX.platform/Developer/SDKs/MacOSX10.9.sdk/usr/include/c++/4.2.1
Apple LLVM version 5.0 (clang-500.2.79) (based on LLVM 3.3svn)
Target: x86_64-apple-darwin13.0.0
Thread model: posix
configure:3615: $? = 0
configure:3604: gcc -V >&5
clang: error: argument to '-V' is missing (expected 1 value)
clang: error: no input files
configure:3615: $? = 1
configure:3604: gcc -qversion >&5
clang: error: no input files
configure:3615: $? = 1
configure:3619: checking whether we are using the GNU C compiler
configure:3647: result: yes
configure:3656: checking whether gcc accepts -g
configure:3717: result: yes
configure:3734: checking for gcc option to accept ISO C89
configure:3811: result: none needed
configure:3836: checking how to run the C preprocessor
configure:3906: result: gcc -E
configure:3926: gcc -E  conftest.c
configure:3926: $? = 0
configure:3940: gcc -E  conftest.c
conftest.c:20:10: fatal error: 'ac_nonexistent.h' file not found
#include <ac_nonexistent.h>
         ^
1 error generated.
configure:3940: $? = 1
configure: failed program was:
| /* confdefs.h */
| #define PACKAGE_NAME ""
| #define PACKAGE_TARNAME ""
| #define PACKAGE_VERSION ""
| #define PACKAGE_STRING ""
| #define PACKAGE_BUGREPORT ""
| #define PACKAGE_URL ""
| #define STDC_HEADERS 1
| #define HAVE_SYS_TYPES_H 1
| #define HAVE_SYS_STAT_H 1
| #define HAVE_STDLIB_H 1
| #define HAVE_STRING_H 1
| #define HAVE_MEMORY_H 1
| #define HAVE_STRINGS_H 1
| #define HAVE_INTTYPES_H 1
| #define HAVE_STDINT_H 1
| #define HAVE_UNISTD_H 1
| #define HAVE_LIBREADLINE -1
| /* end confdefs.h.  */
| #include <ac_nonexistent.h>
configure:4011: checking for a BSD-compatible install
configure:4079: result: /usr/bin/install -c
configure:4133: checking for ranlib
configure:4149: found /usr/bin/ranlib
configure:4160: result: ranlib
configure:4184: checking for autoconf
configure:4200: found /opt/local/bin/autoconf
configure:4212: result: autoconf
configure:4222: checking for strip
configure:4238: found /usr/bin/strip
configure:4250: result: strip
configure:4260: checking for as
configure:4276: found /usr/bin/as
configure:4288: result: as
configure:4298: checking for cp
configure:4314: found /bin/cp
configure:4326: result: cp
configure:4348: checking for unistd.h
configure:4348: result: yes
configure:4348: checking sys/wait.h usability
configure:4348: gcc -c -g -O2  conftest.c >&5
configure:4348: $? = 0
configure:4348: result: yes
configure:4348: checking sys/wait.h presence
configure:4348: gcc -E  conftest.c
configure:4348: $? = 0
configure:4348: result: yes
configure:4348: checking for sys/wait.h
configure:4348: result: yes
configure:4361: checking sys/socket.h usability
configure:4361: gcc -c -g -O2  conftest.c >&5
configure:4361: $? = 0
configure:4361: result: yes
configure:4361: checking sys/socket.h presence
configure:4361: gcc -E  conftest.c
configure:4361: $? = 0
configure:4361: result: yes
configure:4361: checking for sys/socket.h
configure:4361: result: yes
configure:4391: checking for socket in -lsocket
configure:4416: gcc -o conftest -g -O2   conftest.c -lsocket   >&5
ld: library not found for -lsocket
clang: error: linker command failed with exit code 1 (use -v to see invocation)
configure:4416: $? = 1
configure: failed program was:
| /* confdefs.h */
| #define PACKAGE_NAME ""
| #define PACKAGE_TARNAME ""
| #define PACKAGE_VERSION ""
| #define PACKAGE_STRING ""
| #define PACKAGE_BUGREPORT ""
| #define PACKAGE_URL ""
| #define STDC_HEADERS 1
| #define HAVE_SYS_TYPES_H 1
| #define HAVE_SYS_STAT_H 1
| #define HAVE_STDLIB_H 1
| #define HAVE_STRING_H 1
| #define HAVE_MEMORY_H 1
| #define HAVE_STRINGS_H 1
| #define HAVE_INTTYPES_H 1
| #define HAVE_STDINT_H 1
| #define HAVE_UNISTD_H 1
| #define HAVE_LIBREADLINE -1
| #define HAVE_UNISTD_H 1
| #define HAVE_SYS_WAIT_H 1
| #define HAVE_SYS_SOCKET_H 1
| /* end confdefs.h.  */
| 
| /* Override any GCC internal prototype to avoid an error.
|    Use char because int might match the return type of a GCC
|    builtin and then its argument prototype would still apply.  */
| #ifdef __cplusplus
| extern "C"
| #endif
| char socket ();
| int
| main ()
| {
| return socket ();
|   ;
|   return 0;
| }
configure:4425: result: no
configure:4436: checking for xdr_short in -lnsl
configure:4461: gcc -o conftest -g -O2   conftest.c -lnsl   >&5
ld: library not found for -lnsl
clang: error: linker command failed with exit code 1 (use -v to see invocation)
configure:4461: $? = 1
configure: failed program was:
| /* confdefs.h */
| #define PACKAGE_NAME ""
| #define PACKAGE_TARNAME ""
| #define PACKAGE_VERSION ""
| #define PACKAGE_STRING ""
| #define PACKAGE_BUGREPORT ""
| #define PACKAGE_URL ""
| #define STDC_HEADERS 1
| #define HAVE_SYS_TYPES_H 1
| #define HAVE_SYS_STAT_H 1
| #define HAVE_STDLIB_H 1
| #define HAVE_STRING_H 1
| #define HAVE_MEMORY_H 1
| #define HAVE_STRINGS_H 1
| #define HAVE_INTTYPES_H 1
| #define HAVE_STDINT_H 1
| #define HAVE_UNISTD_H 1
| #define HAVE_LIBREADLINE -1
| #define HAVE_UNISTD_H 1
| #define HAVE_SYS_WAIT_H 1
| #define HAVE_SYS_SOCKET_H 1
| /* end confdefs.h.  */
| 
| /* Override any GCC internal prototype to avoid an error.
|    Use char because int might match the return type of a GCC
|    builtin and then its argument prototype would still apply.  */
| #ifdef __cplusplus
| extern "C"
| #endif
| char xdr_short ();
| int
| main ()
| {
| return xdr_short ();
|   ;
|   return 0;
| }
configure:4470: result: no
configure:4534: checking whether preprocessor accepts -MM or -M
Apple LLVM version 5.0 (clang-500.2.79) (based on LLVM 3.3svn)
Target: x86_64-apple-darwin13.0.0
Thread model: posix
 "/Applications/Xcode.app/Contents/Developer/Toolchains/XcodeDefault.xctoolchain/usr/bin/clang" -cc1 -triple x86_64-apple-macosx10.9.0 -Eonly -disable-free -disable-llvm-verifier -main-file-name _test_.c -mrelocation-model pic -pic-level 2 -mdisable-fp-elim -masm-verbose -munwind-tables -target-cpu core2 -target-linker-version 224.1 -v -resource-dir /Applications/Xcode.app/Contents/Developer/Toolchains/XcodeDefault.xctoolchain/usr/bin/../lib/clang/5.0 -dependency-file - -MT _test_.o -isysroot /Applications/Xcode.app/Contents/Developer/Platforms/MacOSX.platform/Developer/SDKs/MacOSX10.9.sdk -fdebug-compilation-dir /Users/nickgallimore/Documents/Software/TI84/sdcc/debugger/mcs51 -ferror-limit 19 -fmessage-length 0 -stack-protector 1 -mstackrealign -fblocks -fobjc-runtime=macosx-10.9.0 -fobjc-dispatch-method=mixed -fobjc-default-synthesize-properties -fencode-extended-block-signature -fdiagnostics-show-option -x c _test_.c
clang -cc1 version 5.0 based upon LLVM 3.3svn default target x86_64-apple-darwin13.0.0
ignoring nonexistent directory "/Applications/Xcode.app/Contents/Developer/Platforms/MacOSX.platform/Developer/SDKs/MacOSX10.9.sdk/usr/local/include"
ignoring nonexistent directory "/Applications/Xcode.app/Contents/Developer/Platforms/MacOSX.platform/Developer/SDKs/MacOSX10.9.sdk/Library/Frameworks"
#include "..." search starts here:
#include <...> search starts here:
 /Applications/Xcode.app/Contents/Developer/Toolchains/XcodeDefault.xctoolchain/usr/bin/../lib/clang/5.0/include
 /Applications/Xcode.app/Contents/Developer/Toolchains/XcodeDefault.xctoolchain/usr/include
 /Applications/Xcode.app/Contents/Developer/Platforms/MacOSX.platform/Developer/SDKs/MacOSX10.9.sdk/usr/include
 /Applications/Xcode.app/Contents/Developer/Platforms/MacOSX.platform/Developer/SDKs/MacOSX10.9.sdk/System/Library/Frameworks (framework directory)
End of search list.
_test_.o: _test_.c
configure:4549: result: -MM
configure:4555: checking whether  accepts -ggdb
configure:4575: gcc -c -ggdb  conftest.c >&5
configure:4575: $? = 0
configure:4583: result: yes
configure:4593: checking whether  accepts -pipe
configure:4613: gcc -c -pipe  conftest.c >&5
configure:4613: $? = 0
configure:4621: result: yes
configure:4874: creating ./config.status

## ---------------------- ##
## Running config.status. ##
## ---------------------- ##

This file was extended by config.status, which was
generated by GNU Autoconf 2.67.  Invocation command line was

  CONFIG_FILES    = 
  CONFIG_HEADERS  = 
  CONFIG_LINKS    = 
  CONFIG_COMMANDS = 
  $ ./config.status 

on nicks-mbp.att.net

config.status:828: creating Makefile
config.status:828: creating config.h

## ---------------- ##
## Cache variables. ##
## ---------------- ##

ac_cv_c_compiler_gnu=yes
ac_cv_env_CC_set=
ac_cv_env_CC_value=
ac_cv_env_CFLAGS_set=
ac_cv_env_CFLAGS_value=
ac_cv_env_CPPFLAGS_set=
ac_cv_env_CPPFLAGS_value=
ac_cv_env_CPP_set=
ac_cv_env_CPP_value=
ac_cv_env_LDFLAGS_set=
ac_cv_env_LDFLAGS_value=
ac_cv_env_LIBS_set=
ac_cv_env_LIBS_value=
ac_cv_env_build_alias_set=
ac_cv_env_build_alias_value=
ac_cv_env_host_alias_set=
ac_cv_env_host_alias_value=
ac_cv_env_lib_dir_suffix_set=
ac_cv_env_lib_dir_suffix_value=
ac_cv_env_sdccconf_h_dir_separator_set=
ac_cv_env_sdccconf_h_dir_separator_value=
ac_cv_env_target_alias_set=
ac_cv_env_target_alias_value=
ac_cv_header_inttypes_h=yes
ac_cv_header_memory_h=yes
ac_cv_header_readline_readline_h=yes
ac_cv_header_stdc=yes
ac_cv_header_stdint_h=yes
ac_cv_header_stdlib_h=yes
ac_cv_header_string_h=yes
ac_cv_header_strings_h=yes
ac_cv_header_sys_socket_h=yes
ac_cv_header_sys_stat_h=yes
ac_cv_header_sys_types_h=yes
ac_cv_header_sys_wait_h=yes
ac_cv_header_unistd_h=yes
ac_cv_lib_nsl_xdr_short=no
ac_cv_lib_socket_socket=no
ac_cv_objext=o
ac_cv_path_EGREP='/usr/bin/grep -E'
ac_cv_path_GREP=/usr/bin/grep
ac_cv_path_install='/usr/bin/install -c'
ac_cv_prog_AS=as
ac_cv_prog_AUTOCONF=autoconf
ac_cv_prog_CP=cp
ac_cv_prog_CPP='gcc -E'
ac_cv_prog_STRIP=strip
ac_cv_prog_ac_ct_CC=gcc
ac_cv_prog_ac_ct_RANLIB=ranlib
ac_cv_prog_cc_c89=
ac_cv_prog_cc_g=yes
bor_cv_c_ggdb=yes
bor_cv_c_pipe=yes
sdcc_cv_MM=-MM
wi_cv_lib_readline=yes

## ----------------- ##
## Output variables. ##
## ----------------- ##

AS='as'
AUTOCONF='autoconf'
C99_FLAG='--std=c99'
CC='gcc'
CFLAGS='-pipe -ggdb -g -O2'
CP='cp'
CPP='gcc -E'
CPPFLAGS=''
DEFS='-DHAVE_CONFIG_H'
ECHO_C='\c'
ECHO_N=''
ECHO_T=''
EGREP='/usr/bin/grep -E'
EXEEXT=''
GREP='/usr/bin/grep'
INSTALL_DATA='${INSTALL} -m 644'
INSTALL_PROGRAM='${INSTALL}'
INSTALL_SCRIPT='${INSTALL}'
LDFLAGS=''
LIBOBJS=''
LIBREADLINE='-lreadline'
LIBS=''
LTLIBOBJS=''
MAKEDEP='gcc -MM'
OBJEXT='o'
PACKAGE_BUGREPORT=''
PACKAGE_NAME=''
PACKAGE_STRING=''
PACKAGE_TARNAME=''
PACKAGE_URL=''
PACKAGE_VERSION=''
PATH_SEPARATOR=':'
RANLIB='ranlib'
SHELL='/bin/sh'
STRIP='strip'
WALL_FLAG='-Wall'
ac_ct_CC='gcc'
bindir='${exec_prefix}/bin'
build_alias=''
datadir='${datarootdir}'
datarootdir='${prefix}/share'
docdir='${datarootdir}/doc/${PACKAGE}'
dvidir='${docdir}'
exec_prefix='${prefix}'
host_alias=''
htmldir='${docdir}'
includedir='${prefix}/include'
infodir='${datarootdir}/info'
lib_dir_suffix='sdcc/lib'
libdir='${exec_prefix}/lib'
libexecdir='${exec_prefix}/libexec'
localedir='${datarootdir}/locale'
localstatedir='${prefix}/var'
mandir='${datarootdir}/man'
oldincludedir='/usr/include'
pdfdir='${docdir}'
prefix='/usr/local'
program_transform_name='s,x,x,'
psdir='${docdir}'
sbindir='${exec_prefix}/sbin'
sdccconf_h_dir_separator='/'
sharedstatedir='${prefix}/com'
sysconfdir='${prefix}/etc'
target_alias=''

## ----------- ##
## confdefs.h. ##
## ----------- ##

/* confdefs.h */
#define PACKAGE_NAME ""
#define PACKAGE_TARNAME ""
#define PACKAGE_VERSION ""
#define PACKAGE_STRING ""
#define PACKAGE_BUGREPORT ""
#define PACKAGE_URL ""
#define STDC_HEADERS 1
#define HAVE_SYS_TYPES_H 1
#define HAVE_SYS_STAT_H 1
#define HAVE_STDLIB_H 1
#define HAVE_STRING_H 1
#define HAVE_MEMORY_H 1
#define HAVE_STRINGS_H 1
#define HAVE_INTTYPES_H 1
#define HAVE_STDINT_H 1
#define HAVE_UNISTD_H 1
#define HAVE_LIBREADLINE -1
#define HAVE_UNISTD_H 1
#define HAVE_SYS_WAIT_H 1
#define HAVE_SYS_SOCKET_H 1
#define DIR_SEPARATOR_STRING "/"
#define DATADIR "/usr/local/share"
#define LIB_DIR_SUFFIX DIR_SEPARATOR_STRING "sdcc/lib"

configure: exit 0
