This file contains any messages produced by compilers while
running configure, to aid debugging if configure makes a mistake.

It was created by configure, which was
generated by GNU Autoconf 2.67.  Invocation command line was

  $ ./configure --disable-mcs51-port --disable-r2kk-port --disable-z180-port --disable-ds390-port --disable-ds400-port --disable-pic14-port --disable-pic16-port --disable-hc08-port

## --------- ##
## Platform. ##
## --------- ##

hostname = nicks-mbp.att.net
uname -m = x86_64
uname -r = 13.0.0
uname -s = Darwin
uname -v = Darwin Kernel Version 13.0.0: Thu Sep 19 22:22:27 PDT 2013; root:xnu-2422.1.72~6/RELEASE_X86_64

/usr/bin/uname -p = i386
/bin/uname -X     = unknown

/bin/arch              = unknown
/usr/bin/arch -k       = unknown
/usr/convex/getsysinfo = unknown
/usr/bin/hostinfo      = Mach kernel version:
	 Darwin Kernel Version 13.0.0: Thu Sep 19 22:22:27 PDT 2013; root:xnu-2422.1.72~6/RELEASE_X86_64
Kernel configured for up to 4 processors.
2 processors are physically available.
4 processors are logically available.
Processor type: i486 (Intel 80486)
Processors active: 0 1 2 3
Primary memory available: 4.00 gigabytes
Default processor set: 222 tasks, 1008 threads, 4 processors
Load average: 0.66, Mach factor: 3.35
/bin/machine           = unknown
/usr/bin/oslevel       = unknown
/bin/universe          = unknown

PATH: /Users/nickgallimore/.opam/system/bin
PATH: /Users/nickgallimore/Library/Enthought/Canopy_64bit/User/bin
PATH: /opt/local/bin
PATH: /opt/local/sbin
PATH: //anaconda/bin
PATH: /usr/bin
PATH: /bin
PATH: /usr/sbin
PATH: /sbin
PATH: /usr/local/bin
PATH: /usr/local/lib
PATH: /usr/local/include
PATH: /opt/X11/bin
PATH: /Applications/Server.app/Contents/ServerRoot/usr/bin
PATH: /Applications/Server.app/Contents/ServerRoot/usr/sbin
PATH: /usr/texbin
PATH: /usr/local/rvm/bin
PATH: /Library/Frameworks/JRuby.framework/Versions/Current/bin


## ----------- ##
## Core tests. ##
## ----------- ##

configure:2366: checking for gawk
configure:2396: result: no
configure:2366: checking for mawk
configure:2396: result: no
configure:2366: checking for nawk
configure:2396: result: no
configure:2366: checking for awk
configure:2382: found /usr/bin/awk
configure:2393: result: awk
configure:2405: checking version of the package
configure:2409: result: 3.0.2
configure:2516: checking for gcc
configure:2532: found /usr/bin/gcc
configure:2543: result: gcc
configure:2772: checking for C compiler version
configure:2781: gcc --version >&5
Apple LLVM version 5.0 (clang-500.2.79) (based on LLVM 3.3svn)
Target: x86_64-apple-darwin13.0.0
Thread model: posix
Configured with: --prefix=/Applications/Xcode.app/Contents/Developer/usr --with-gxx-include-dir=/Applications/Xcode.app/Contents/Developer/Platforms/MacOSX.platform/Developer/SDKs/MacOSX10.9.sdk/usr/include/c++/4.2.1
configure:2792: $? = 0
configure:2781: gcc -v >&5
Configured with: --prefix=/Applications/Xcode.app/Contents/Developer/usr --with-gxx-include-dir=/Applications/Xcode.app/Contents/Developer/Platforms/MacOSX.platform/Developer/SDKs/MacOSX10.9.sdk/usr/include/c++/4.2.1
Apple LLVM version 5.0 (clang-500.2.79) (based on LLVM 3.3svn)
Target: x86_64-apple-darwin13.0.0
Thread model: posix
configure:2792: $? = 0
configure:2781: gcc -V >&5
clang: error: argument to '-V' is missing (expected 1 value)
clang: error: no input files
configure:2792: $? = 1
configure:2781: gcc -qversion >&5
clang: error: no input files
configure:2792: $? = 1
configure:2812: checking whether the C compiler works
configure:2834: gcc    conftest.c  >&5
configure:2838: $? = 0
configure:2886: result: yes
configure:2889: checking for C compiler default output file name
configure:2891: result: a.out
configure:2897: checking for suffix of executables
configure:2904: gcc -o conftest    conftest.c  >&5
configure:2908: $? = 0
configure:2930: result: 
configure:2952: checking whether we are cross compiling
configure:2960: gcc -o conftest    conftest.c  >&5
configure:2964: $? = 0
configure:2971: ./conftest
configure:2975: $? = 0
configure:2990: result: no
configure:2995: checking for suffix of object files
configure:3017: gcc -c   conftest.c >&5
configure:3021: $? = 0
configure:3042: result: o
configure:3046: checking whether we are using the GNU C compiler
configure:3065: gcc -c   conftest.c >&5
configure:3065: $? = 0
configure:3074: result: yes
configure:3083: checking whether gcc accepts -g
configure:3103: gcc -c -g  conftest.c >&5
configure:3103: $? = 0
configure:3144: result: yes
configure:3161: checking for gcc option to accept ISO C89
configure:3225: gcc  -c -g -O2  conftest.c >&5
configure:3225: $? = 0
configure:3238: result: none needed
configure:3263: checking how to run the C preprocessor
configure:3294: gcc -E  conftest.c
configure:3294: $? = 0
configure:3308: gcc -E  conftest.c
conftest.c:13:10: fatal error: 'ac_nonexistent.h' file not found
#include <ac_nonexistent.h>
         ^
1 error generated.
configure:3308: $? = 1
configure: failed program was:
| /* confdefs.h */
| #define PACKAGE_NAME ""
| #define PACKAGE_TARNAME ""
| #define PACKAGE_VERSION ""
| #define PACKAGE_STRING ""
| #define PACKAGE_BUGREPORT ""
| #define PACKAGE_URL ""
| #define SDCC_VERSION_LO 0
| #define SDCC_VERSION_HI 3
| #define SDCC_VERSION_P 2
| #define SDCC_VERSION_STR "3.0.2"
| /* end confdefs.h.  */
| #include <ac_nonexistent.h>
configure:3333: result: gcc -E
configure:3353: gcc -E  conftest.c
configure:3353: $? = 0
configure:3367: gcc -E  conftest.c
conftest.c:13:10: fatal error: 'ac_nonexistent.h' file not found
#include <ac_nonexistent.h>
         ^
1 error generated.
configure:3367: $? = 1
configure: failed program was:
| /* confdefs.h */
| #define PACKAGE_NAME ""
| #define PACKAGE_TARNAME ""
| #define PACKAGE_VERSION ""
| #define PACKAGE_STRING ""
| #define PACKAGE_BUGREPORT ""
| #define PACKAGE_URL ""
| #define SDCC_VERSION_LO 0
| #define SDCC_VERSION_HI 3
| #define SDCC_VERSION_P 2
| #define SDCC_VERSION_STR "3.0.2"
| /* end confdefs.h.  */
| #include <ac_nonexistent.h>
configure:3438: checking for a BSD-compatible install
configure:3506: result: /usr/bin/install -c
configure:3560: checking for ranlib
configure:3576: found /usr/bin/ranlib
configure:3587: result: ranlib
configure:3611: checking for autoconf
configure:3627: found /opt/local/bin/autoconf
configure:3639: result: autoconf
configure:3649: checking for strip
configure:3665: found /usr/bin/strip
configure:3677: result: strip
configure:3687: checking for as
configure:3703: found /usr/bin/as
configure:3715: result: as
configure:3725: checking for cp
configure:3741: found /bin/cp
configure:3753: result: cp
configure:3763: checking for ar
configure:3779: found /usr/bin/ar
configure:3791: result: ar
configure:3804: checking for flex
configure:3820: found /usr/bin/flex
configure:3831: result: flex
configure:3848: checking for bison
configure:3864: found /usr/bin/bison
configure:3875: result: bison -y
configure:3908: checking for grep that handles long lines and -e
configure:3966: result: /usr/bin/grep
configure:3971: checking for egrep
configure:4033: result: /usr/bin/grep -E
configure:4038: checking for ANSI C header files
configure:4058: gcc -c -g -O2  conftest.c >&5
configure:4058: $? = 0
configure:4131: gcc -o conftest -g -O2   conftest.c  >&5
configure:4131: $? = 0
configure:4131: ./conftest
configure:4131: $? = 0
configure:4142: result: yes
configure:4155: checking for sys/types.h
configure:4155: gcc -c -g -O2  conftest.c >&5
configure:4155: $? = 0
configure:4155: result: yes
configure:4155: checking for sys/stat.h
configure:4155: gcc -c -g -O2  conftest.c >&5
configure:4155: $? = 0
configure:4155: result: yes
configure:4155: checking for stdlib.h
configure:4155: gcc -c -g -O2  conftest.c >&5
configure:4155: $? = 0
configure:4155: result: yes
configure:4155: checking for string.h
configure:4155: gcc -c -g -O2  conftest.c >&5
configure:4155: $? = 0
configure:4155: result: yes
configure:4155: checking for memory.h
configure:4155: gcc -c -g -O2  conftest.c >&5
configure:4155: $? = 0
configure:4155: result: yes
configure:4155: checking for strings.h
configure:4155: gcc -c -g -O2  conftest.c >&5
configure:4155: $? = 0
configure:4155: result: yes
configure:4155: checking for inttypes.h
configure:4155: gcc -c -g -O2  conftest.c >&5
configure:4155: $? = 0
configure:4155: result: yes
configure:4155: checking for stdint.h
configure:4155: gcc -c -g -O2  conftest.c >&5
configure:4155: $? = 0
configure:4155: result: yes
configure:4155: checking for unistd.h
configure:4155: gcc -c -g -O2  conftest.c >&5
configure:4155: $? = 0
configure:4155: result: yes
configure:4170: checking endian.h usability
configure:4170: gcc -c -g -O2  conftest.c >&5
conftest.c:56:10: fatal error: 'endian.h' file not found
#include <endian.h>
         ^
1 error generated.
configure:4170: $? = 1
configure: failed program was:
| /* confdefs.h */
| #define PACKAGE_NAME ""
| #define PACKAGE_TARNAME ""
| #define PACKAGE_VERSION ""
| #define PACKAGE_STRING ""
| #define PACKAGE_BUGREPORT ""
| #define PACKAGE_URL ""
| #define SDCC_VERSION_LO 0
| #define SDCC_VERSION_HI 3
| #define SDCC_VERSION_P 2
| #define SDCC_VERSION_STR "3.0.2"
| #define STDC_HEADERS 1
| #define HAVE_SYS_TYPES_H 1
| #define HAVE_SYS_STAT_H 1
| #define HAVE_STDLIB_H 1
| #define HAVE_STRING_H 1
| #define HAVE_MEMORY_H 1
| #define HAVE_STRINGS_H 1
| #define HAVE_INTTYPES_H 1
| #define HAVE_STDINT_H 1
| #define HAVE_UNISTD_H 1
| /* end confdefs.h.  */
| #include <stdio.h>
| #ifdef HAVE_SYS_TYPES_H
| # include <sys/types.h>
| #endif
| #ifdef HAVE_SYS_STAT_H
| # include <sys/stat.h>
| #endif
| #ifdef STDC_HEADERS
| # include <stdlib.h>
| # include <stddef.h>
| #else
| # ifdef HAVE_STDLIB_H
| #  include <stdlib.h>
| # endif
| #endif
| #ifdef HAVE_STRING_H
| # if !defined STDC_HEADERS && defined HAVE_MEMORY_H
| #  include <memory.h>
| # endif
| # include <string.h>
| #endif
| #ifdef HAVE_STRINGS_H
| # include <strings.h>
| #endif
| #ifdef HAVE_INTTYPES_H
| # include <inttypes.h>
| #endif
| #ifdef HAVE_STDINT_H
| # include <stdint.h>
| #endif
| #ifdef HAVE_UNISTD_H
| # include <unistd.h>
| #endif
| #include <endian.h>
configure:4170: result: no
configure:4170: checking endian.h presence
configure:4170: gcc -E  conftest.c
conftest.c:23:10: fatal error: 'endian.h' file not found
#include <endian.h>
         ^
1 error generated.
configure:4170: $? = 1
configure: failed program was:
| /* confdefs.h */
| #define PACKAGE_NAME ""
| #define PACKAGE_TARNAME ""
| #define PACKAGE_VERSION ""
| #define PACKAGE_STRING ""
| #define PACKAGE_BUGREPORT ""
| #define PACKAGE_URL ""
| #define SDCC_VERSION_LO 0
| #define SDCC_VERSION_HI 3
| #define SDCC_VERSION_P 2
| #define SDCC_VERSION_STR "3.0.2"
| #define STDC_HEADERS 1
| #define HAVE_SYS_TYPES_H 1
| #define HAVE_SYS_STAT_H 1
| #define HAVE_STDLIB_H 1
| #define HAVE_STRING_H 1
| #define HAVE_MEMORY_H 1
| #define HAVE_STRINGS_H 1
| #define HAVE_INTTYPES_H 1
| #define HAVE_STDINT_H 1
| #define HAVE_UNISTD_H 1
| /* end confdefs.h.  */
| #include <endian.h>
configure:4170: result: no
configure:4170: checking for endian.h
configure:4170: result: no
configure:4170: checking sys/endian.h usability
configure:4170: gcc -c -g -O2  conftest.c >&5
conftest.c:56:10: fatal error: 'sys/endian.h' file not found
#include <sys/endian.h>
         ^
1 error generated.
configure:4170: $? = 1
configure: failed program was:
| /* confdefs.h */
| #define PACKAGE_NAME ""
| #define PACKAGE_TARNAME ""
| #define PACKAGE_VERSION ""
| #define PACKAGE_STRING ""
| #define PACKAGE_BUGREPORT ""
| #define PACKAGE_URL ""
| #define SDCC_VERSION_LO 0
| #define SDCC_VERSION_HI 3
| #define SDCC_VERSION_P 2
| #define SDCC_VERSION_STR "3.0.2"
| #define STDC_HEADERS 1
| #define HAVE_SYS_TYPES_H 1
| #define HAVE_SYS_STAT_H 1
| #define HAVE_STDLIB_H 1
| #define HAVE_STRING_H 1
| #define HAVE_MEMORY_H 1
| #define HAVE_STRINGS_H 1
| #define HAVE_INTTYPES_H 1
| #define HAVE_STDINT_H 1
| #define HAVE_UNISTD_H 1
| /* end confdefs.h.  */
| #include <stdio.h>
| #ifdef HAVE_SYS_TYPES_H
| # include <sys/types.h>
| #endif
| #ifdef HAVE_SYS_STAT_H
| # include <sys/stat.h>
| #endif
| #ifdef STDC_HEADERS
| # include <stdlib.h>
| # include <stddef.h>
| #else
| # ifdef HAVE_STDLIB_H
| #  include <stdlib.h>
| # endif
| #endif
| #ifdef HAVE_STRING_H
| # if !defined STDC_HEADERS && defined HAVE_MEMORY_H
| #  include <memory.h>
| # endif
| # include <string.h>
| #endif
| #ifdef HAVE_STRINGS_H
| # include <strings.h>
| #endif
| #ifdef HAVE_INTTYPES_H
| # include <inttypes.h>
| #endif
| #ifdef HAVE_STDINT_H
| # include <stdint.h>
| #endif
| #ifdef HAVE_UNISTD_H
| # include <unistd.h>
| #endif
| #include <sys/endian.h>
configure:4170: result: no
configure:4170: checking sys/endian.h presence
configure:4170: gcc -E  conftest.c
conftest.c:23:10: fatal error: 'sys/endian.h' file not found
#include <sys/endian.h>
         ^
1 error generated.
configure:4170: $? = 1
configure: failed program was:
| /* confdefs.h */
| #define PACKAGE_NAME ""
| #define PACKAGE_TARNAME ""
| #define PACKAGE_VERSION ""
| #define PACKAGE_STRING ""
| #define PACKAGE_BUGREPORT ""
| #define PACKAGE_URL ""
| #define SDCC_VERSION_LO 0
| #define SDCC_VERSION_HI 3
| #define SDCC_VERSION_P 2
| #define SDCC_VERSION_STR "3.0.2"
| #define STDC_HEADERS 1
| #define HAVE_SYS_TYPES_H 1
| #define HAVE_SYS_STAT_H 1
| #define HAVE_STDLIB_H 1
| #define HAVE_STRING_H 1
| #define HAVE_MEMORY_H 1
| #define HAVE_STRINGS_H 1
| #define HAVE_INTTYPES_H 1
| #define HAVE_STDINT_H 1
| #define HAVE_UNISTD_H 1
| /* end confdefs.h.  */
| #include <sys/endian.h>
configure:4170: result: no
configure:4170: checking for sys/endian.h
configure:4170: result: no
configure:4170: checking machine/endian.h usability
configure:4170: gcc -c -g -O2  conftest.c >&5
configure:4170: $? = 0
configure:4170: result: yes
configure:4170: checking machine/endian.h presence
configure:4170: gcc -E  conftest.c
configure:4170: $? = 0
configure:4170: result: yes
configure:4170: checking for machine/endian.h
configure:4170: result: yes
configure:4170: checking sys/isa_defs.h usability
configure:4170: gcc -c -g -O2  conftest.c >&5
conftest.c:57:10: fatal error: 'sys/isa_defs.h' file not found
#include <sys/isa_defs.h>
         ^
1 error generated.
configure:4170: $? = 1
configure: failed program was:
| /* confdefs.h */
| #define PACKAGE_NAME ""
| #define PACKAGE_TARNAME ""
| #define PACKAGE_VERSION ""
| #define PACKAGE_STRING ""
| #define PACKAGE_BUGREPORT ""
| #define PACKAGE_URL ""
| #define SDCC_VERSION_LO 0
| #define SDCC_VERSION_HI 3
| #define SDCC_VERSION_P 2
| #define SDCC_VERSION_STR "3.0.2"
| #define STDC_HEADERS 1
| #define HAVE_SYS_TYPES_H 1
| #define HAVE_SYS_STAT_H 1
| #define HAVE_STDLIB_H 1
| #define HAVE_STRING_H 1
| #define HAVE_MEMORY_H 1
| #define HAVE_STRINGS_H 1
| #define HAVE_INTTYPES_H 1
| #define HAVE_STDINT_H 1
| #define HAVE_UNISTD_H 1
| #define HAVE_MACHINE_ENDIAN_H 1
| /* end confdefs.h.  */
| #include <stdio.h>
| #ifdef HAVE_SYS_TYPES_H
| # include <sys/types.h>
| #endif
| #ifdef HAVE_SYS_STAT_H
| # include <sys/stat.h>
| #endif
| #ifdef STDC_HEADERS
| # include <stdlib.h>
| # include <stddef.h>
| #else
| # ifdef HAVE_STDLIB_H
| #  include <stdlib.h>
| # endif
| #endif
| #ifdef HAVE_STRING_H
| # if !defined STDC_HEADERS && defined HAVE_MEMORY_H
| #  include <memory.h>
| # endif
| # include <string.h>
| #endif
| #ifdef HAVE_STRINGS_H
| # include <strings.h>
| #endif
| #ifdef HAVE_INTTYPES_H
| # include <inttypes.h>
| #endif
| #ifdef HAVE_STDINT_H
| # include <stdint.h>
| #endif
| #ifdef HAVE_UNISTD_H
| # include <unistd.h>
| #endif
| #include <sys/isa_defs.h>
configure:4170: result: no
configure:4170: checking sys/isa_defs.h presence
configure:4170: gcc -E  conftest.c
conftest.c:24:10: fatal error: 'sys/isa_defs.h' file not found
#include <sys/isa_defs.h>
         ^
1 error generated.
configure:4170: $? = 1
configure: failed program was:
| /* confdefs.h */
| #define PACKAGE_NAME ""
| #define PACKAGE_TARNAME ""
| #define PACKAGE_VERSION ""
| #define PACKAGE_STRING ""
| #define PACKAGE_BUGREPORT ""
| #define PACKAGE_URL ""
| #define SDCC_VERSION_LO 0
| #define SDCC_VERSION_HI 3
| #define SDCC_VERSION_P 2
| #define SDCC_VERSION_STR "3.0.2"
| #define STDC_HEADERS 1
| #define HAVE_SYS_TYPES_H 1
| #define HAVE_SYS_STAT_H 1
| #define HAVE_STDLIB_H 1
| #define HAVE_STRING_H 1
| #define HAVE_MEMORY_H 1
| #define HAVE_STRINGS_H 1
| #define HAVE_INTTYPES_H 1
| #define HAVE_STDINT_H 1
| #define HAVE_UNISTD_H 1
| #define HAVE_MACHINE_ENDIAN_H 1
| /* end confdefs.h.  */
| #include <sys/isa_defs.h>
configure:4170: result: no
configure:4170: checking for sys/isa_defs.h
configure:4170: result: no
configure:4190: checking for ccache
configure:4220: result: no
configure:4235: checking for strerror
configure:4235: gcc -o conftest -g -O2   conftest.c  >&5
conftest.c:47:6: warning: incompatible redeclaration of library function 'strerror' [-Wincompatible-library-redeclaration]
char strerror ();
     ^
conftest.c:47:6: note: 'strerror' is a builtin with type 'char *(int)'
1 warning generated.
configure:4235: $? = 0
configure:4235: result: yes
configure:4247: checking for vsnprintf
configure:4247: gcc -o conftest -g -O2   conftest.c  >&5
conftest.c:48:6: warning: incompatible redeclaration of library function 'vsnprintf' [-Wincompatible-library-redeclaration]
char vsnprintf ();
     ^
conftest.c:48:6: note: 'vsnprintf' is a builtin with type 'int (char *, unsigned long, const char *, __va_list_tag *)'
1 warning generated.
configure:4247: $? = 0
configure:4247: result: yes
configure:4247: checking for snprintf
configure:4247: gcc -o conftest -g -O2   conftest.c  >&5
conftest.c:49:6: warning: incompatible redeclaration of library function 'snprintf' [-Wincompatible-library-redeclaration]
char snprintf ();
     ^
conftest.c:49:6: note: 'snprintf' is a builtin with type 'int (char *, unsigned long, const char *, ...)'
1 warning generated.
configure:4247: $? = 0
configure:4247: result: yes
configure:4247: checking for vsprintf
configure:4247: gcc -o conftest -g -O2   conftest.c  >&5
conftest.c:50:6: warning: incompatible redeclaration of library function 'vsprintf' [-Wincompatible-library-redeclaration]
char vsprintf ();
     ^
conftest.c:50:6: note: 'vsprintf' is a builtin with type 'int (char *, const char *, __va_list_tag *)'
1 warning generated.
configure:4247: $? = 0
configure:4247: result: yes
configure:4247: checking for mkstemp
configure:4247: gcc -o conftest -g -O2   conftest.c  >&5
configure:4247: $? = 0
configure:4247: result: yes
configure:4347: checking whether preprocessor accepts -MM or -M
Apple LLVM version 5.0 (clang-500.2.79) (based on LLVM 3.3svn)
Target: x86_64-apple-darwin13.0.0
Thread model: posix
 "/Applications/Xcode.app/Contents/Developer/Toolchains/XcodeDefault.xctoolchain/usr/bin/clang" -cc1 -triple x86_64-apple-macosx10.9.0 -Eonly -disable-free -disable-llvm-verifier -main-file-name _test_.c -mrelocation-model pic -pic-level 2 -mdisable-fp-elim -masm-verbose -munwind-tables -target-cpu core2 -target-linker-version 224.1 -v -resource-dir /Applications/Xcode.app/Contents/Developer/Toolchains/XcodeDefault.xctoolchain/usr/bin/../lib/clang/5.0 -dependency-file - -MT _test_.o -isysroot /Applications/Xcode.app/Contents/Developer/Platforms/MacOSX.platform/Developer/SDKs/MacOSX10.9.sdk -fdebug-compilation-dir /Users/nickgallimore/Documents/Software/TI84/sdcc -ferror-limit 19 -fmessage-length 0 -stack-protector 1 -mstackrealign -fblocks -fobjc-runtime=macosx-10.9.0 -fobjc-dispatch-method=mixed -fobjc-default-synthesize-properties -fencode-extended-block-signature -fdiagnostics-show-option -x c _test_.c
clang -cc1 version 5.0 based upon LLVM 3.3svn default target x86_64-apple-darwin13.0.0
ignoring nonexistent directory "/Applications/Xcode.app/Contents/Developer/Platforms/MacOSX.platform/Developer/SDKs/MacOSX10.9.sdk/usr/local/include"
ignoring nonexistent directory "/Applications/Xcode.app/Contents/Developer/Platforms/MacOSX.platform/Developer/SDKs/MacOSX10.9.sdk/Library/Frameworks"
#include "..." search starts here:
#include <...> search starts here:
 /Applications/Xcode.app/Contents/Developer/Toolchains/XcodeDefault.xctoolchain/usr/bin/../lib/clang/5.0/include
 /Applications/Xcode.app/Contents/Developer/Toolchains/XcodeDefault.xctoolchain/usr/include
 /Applications/Xcode.app/Contents/Developer/Platforms/MacOSX.platform/Developer/SDKs/MacOSX10.9.sdk/usr/include
 /Applications/Xcode.app/Contents/Developer/Platforms/MacOSX.platform/Developer/SDKs/MacOSX10.9.sdk/System/Library/Frameworks (framework directory)
End of search list.
_test_.o: _test_.c
configure:4362: result: -MM
configure:4368: checking whether C accepts -ggdb
configure:4388: gcc -c -ggdb  conftest.c >&5
configure:4388: $? = 0
configure:4396: result: yes
configure:4406: checking whether C accepts -pipe
configure:4426: gcc -c -pipe  conftest.c >&5
configure:4426: $? = 0
configure:4434: result: yes
configure:4490: checking whether ar accepts -S
configure:dummy: ar -S -t conftest.ar 
configure:dummy: $? = 0
configure:4518: result: yes
configure:4534: checking return type of signal handlers
configure:4552: gcc -c -pipe -ggdb -g -O2  conftest.c >&5
conftest.c:35:8: error: indirection requires pointer operand ('void' invalid)
return *(signal (0, 0)) (0) == 1;
       ^~~~~~~~~~~~~~~~~~~~
1 error generated.
configure:4552: $? = 1
configure: failed program was:
| /* confdefs.h */
| #define PACKAGE_NAME ""
| #define PACKAGE_TARNAME ""
| #define PACKAGE_VERSION ""
| #define PACKAGE_STRING ""
| #define PACKAGE_BUGREPORT ""
| #define PACKAGE_URL ""
| #define SDCC_VERSION_LO 0
| #define SDCC_VERSION_HI 3
| #define SDCC_VERSION_P 2
| #define SDCC_VERSION_STR "3.0.2"
| #define STDC_HEADERS 1
| #define HAVE_SYS_TYPES_H 1
| #define HAVE_SYS_STAT_H 1
| #define HAVE_STDLIB_H 1
| #define HAVE_STRING_H 1
| #define HAVE_MEMORY_H 1
| #define HAVE_STRINGS_H 1
| #define HAVE_INTTYPES_H 1
| #define HAVE_STDINT_H 1
| #define HAVE_UNISTD_H 1
| #define HAVE_MACHINE_ENDIAN_H 1
| #define HAVE_STRERROR 1
| #define HAVE_VSNPRINTF 1
| #define HAVE_SNPRINTF 1
| #define HAVE_VSPRINTF 1
| #define HAVE_MKSTEMP 1
| /* end confdefs.h.  */
| #include <sys/types.h>
| #include <signal.h>
| 
| int
| main ()
| {
| return *(signal (0, 0)) (0) == 1;
|   ;
|   return 0;
| }
configure:4559: result: void
configure:4572: checking size of char
configure:4577: gcc -o conftest -pipe -ggdb -g -O2   conftest.c  >&5
configure:4577: $? = 0
configure:4577: ./conftest
configure:4577: $? = 0
configure:4591: result: 1
configure:4605: checking size of short
configure:4610: gcc -o conftest -pipe -ggdb -g -O2   conftest.c  >&5
configure:4610: $? = 0
configure:4610: ./conftest
configure:4610: $? = 0
configure:4624: result: 2
configure:4638: checking size of int
configure:4643: gcc -o conftest -pipe -ggdb -g -O2   conftest.c  >&5
configure:4643: $? = 0
configure:4643: ./conftest
configure:4643: $? = 0
configure:4657: result: 4
configure:4671: checking size of long
configure:4676: gcc -o conftest -pipe -ggdb -g -O2   conftest.c  >&5
configure:4676: $? = 0
configure:4676: ./conftest
configure:4676: $? = 0
configure:4690: result: 8
configure:4700: checking whether char is unsigned
configure:4718: gcc -c -pipe -ggdb -g -O2  conftest.c >&5
configure:4718: $? = 0
configure:4725: result: no
configure:4754: checking type name for byte
configure:4762: result: char
configure:4764: checking type name for word
configure:4767: result: short
configure:4769: checking type name for dword
configure:4772: result: int
configure:4812: checking whether host machine byte ordering is bigendian
configure:4835: gcc -c -pipe -ggdb -g -O2  conftest.c >&5
configure:4835: $? = 0
configure:4853: gcc -c -pipe -ggdb -g -O2  conftest.c >&5
conftest.c:47:2: error: use of undeclared identifier 'not'
 not big endian
 ^
1 error generated.
configure:4853: $? = 1
configure: failed program was:
| /* confdefs.h */
| #define PACKAGE_NAME ""
| #define PACKAGE_TARNAME ""
| #define PACKAGE_VERSION ""
| #define PACKAGE_STRING ""
| #define PACKAGE_BUGREPORT ""
| #define PACKAGE_URL ""
| #define SDCC_VERSION_LO 0
| #define SDCC_VERSION_HI 3
| #define SDCC_VERSION_P 2
| #define SDCC_VERSION_STR "3.0.2"
| #define STDC_HEADERS 1
| #define HAVE_SYS_TYPES_H 1
| #define HAVE_SYS_STAT_H 1
| #define HAVE_STDLIB_H 1
| #define HAVE_STRING_H 1
| #define HAVE_MEMORY_H 1
| #define HAVE_STRINGS_H 1
| #define HAVE_INTTYPES_H 1
| #define HAVE_STDINT_H 1
| #define HAVE_UNISTD_H 1
| #define HAVE_MACHINE_ENDIAN_H 1
| #define HAVE_STRERROR 1
| #define HAVE_VSNPRINTF 1
| #define HAVE_SNPRINTF 1
| #define HAVE_VSPRINTF 1
| #define HAVE_MKSTEMP 1
| #define RETSIGTYPE void
| #define SIZEOF_CHAR 1
| #define SIZEOF_SHORT 2
| #define SIZEOF_INT 4
| #define SIZEOF_LONG 8
| #define TYPE_BYTE char
| #define TYPE_WORD short
| #define TYPE_DWORD int
| #define TYPE_UBYTE unsigned char
| #define TYPE_UWORD unsigned short
| #define TYPE_UDWORD unsigned int
| /* end confdefs.h.  */
| #include <sys/types.h>
| #include <sys/param.h>
| 
| int
| main ()
| {
| #if BYTE_ORDER != BIG_ENDIAN
|  not big endian
| #endif
| 
|   ;
|   return 0;
| }
configure:4927: result: no
configure:6042: checking for lyx
configure:6070: result: :
configure:6080: checking for latex2html
configure:6108: result: :
configure:6118: checking for pdflatex
configure:6134: found /usr/texbin/pdflatex
configure:6146: result: pdflatex
configure:6156: checking for pdfopt
configure:6184: result: :
configure:6194: checking for makeindex
configure:6210: found /usr/texbin/makeindex
configure:6222: result: makeindex
configure:6508: creating ./config.status

## ---------------------- ##
## Running config.status. ##
## ---------------------- ##

This file was extended by config.status, which was
generated by GNU Autoconf 2.67.  Invocation command line was

  CONFIG_FILES    = 
  CONFIG_HEADERS  = 
  CONFIG_LINKS    = 
  CONFIG_COMMANDS = 
  $ ./config.status 

on nicks-mbp.att.net

config.status:962: creating doc/Makefile
config.status:962: creating src/z80/Makefile
config.status:962: creating sdas/asz80/Makefile
config.status:962: creating sdas/asgb/Makefile
config.status:962: creating device/lib/z80/Makefile
config.status:962: creating device/lib/gbz80/Makefile
config.status:962: creating device/lib/Makefile
config.status:962: creating device/non-free/lib/Makefile
config.status:962: creating main.mk
config.status:962: creating src/Makefile
config.status:962: creating device/include/Makefile
config.status:962: creating device/non-free/include/Makefile
config.status:962: creating sdas/linksrc/Makefile
config.status:962: creating sdas/asranlib/Makefile
config.status:962: creating support/librarian/Makefile
config.status:962: creating support/makebin/Makefile
config.status:962: creating support/regression/Makefile
config.status:962: creating support/valdiag/Makefile
config.status:962: creating support/scripts/Makefile
config.status:962: creating support/regression/ports/host/spec.mk
config.status:962: creating Makefile
config.status:962: creating Makefile.common
config.status:962: creating sdccconf.h
config.status:962: creating custom.h
config.status:962: creating sdas/linksrc/asxxxx_config.h
configure:7788: === configuring in support/cpp (/Users/nickgallimore/Documents/Software/TI84/sdcc/support/cpp)
configure:7851: running /bin/sh ./configure --disable-option-checking '--prefix=/usr/local'  '--disable-mcs51-port' '--disable-r2kk-port' '--disable-z180-port' '--disable-ds390-port' '--disable-ds400-port' '--disable-pic14-port' '--disable-pic16-port' '--disable-hc08-port' 'docdir=${datarootdir}/doc/${PACKAGE}' --cache-file=/dev/null --srcdir=.
configure:7788: === configuring in support/packihx (/Users/nickgallimore/Documents/Software/TI84/sdcc/support/packihx)
configure:7851: running /bin/sh ./configure --disable-option-checking '--prefix=/usr/local'  '--disable-mcs51-port' '--disable-r2kk-port' '--disable-z180-port' '--disable-ds390-port' '--disable-ds400-port' '--disable-pic14-port' '--disable-pic16-port' '--disable-hc08-port' 'docdir=${datarootdir}/doc/${PACKAGE}' --cache-file=/dev/null --srcdir=.
configure:7788: === configuring in sim/ucsim (/Users/nickgallimore/Documents/Software/TI84/sdcc/sim/ucsim)
configure:7851: running /bin/sh ./configure --disable-option-checking '--prefix=/usr/local'  '--disable-mcs51-port' '--disable-r2kk-port' '--disable-z180-port' '--disable-ds390-port' '--disable-ds400-port' '--disable-pic14-port' '--disable-pic16-port' '--disable-hc08-port' 'docdir=${datarootdir}/doc/${PACKAGE}' --cache-file=/dev/null --srcdir=.
configure:7788: === configuring in debugger/mcs51 (/Users/nickgallimore/Documents/Software/TI84/sdcc/debugger/mcs51)
configure:7851: running /bin/sh ./configure --disable-option-checking '--prefix=/usr/local'  '--disable-mcs51-port' '--disable-r2kk-port' '--disable-z180-port' '--disable-ds390-port' '--disable-ds400-port' '--disable-pic14-port' '--disable-pic16-port' '--disable-hc08-port' 'docdir=${datarootdir}/doc/${PACKAGE}' --cache-file=/dev/null --srcdir=.
configure:8144: result:
sdcc 3.0.2 is now configured for

  Build:                
  Host:                 
  Source directory:     .
  C compiler:           gcc
  CFLAGS:               -pipe -ggdb -g -O2

  ENABLED Ports:
    avr                 no
    ds390               no
    ds400               no
    gbz80               yes
    hc08                no
    mcs51               no
    pic14               no
    pic16               no
    xa51                no
    z80                 yes

  Disable packihx:      0
  Disable ucsim:        0
  Disable device lib:   0
  Disable sdcpp:        0
  Disable sdcdb:        0
  Enable documentation: 0
  Enable libgc:         0

  Install paths:
    binary files:       ${prefix}
    include files:      ${datarootdir}/sdcc/include
    non-free include files: ${datarootdir}/sdcc/non-free/include
    library files:      ${datarootdir}/sdcc/lib
    non-free library files: ${datarootdir}/sdcc/non-free/lib
    documentation:      ${datarootdir}/doc/${PACKAGE}

    prefix:             /usr/local
    datadir:            ${datarootdir}
    datarootdir:        ${prefix}/share

  Search paths (incomplete, see manual for all search paths):
    binary files:       $SDCC_HOME/bin
    include files:      /share/sdcc/include
                        path(argv[0])/../share/sdcc/include
                        /usr/local/share/sdcc/include
                        /share/sdcc/non-free/include
                        path(argv[0])/../share/sdcc/non-free/include
                        /usr/local/share/sdcc/non-free/include
    library files:      $SDCC_HOME/share/sdcc/lib/<model>
                        path(argv[0])/../share/sdcc/lib/<model>
                        /usr/local/share/sdcc/lib/<model>
                        $SDCC_HOME/share/sdcc/non-free/lib/<model>
                        path(argv[0])/../share/sdcc/non-free/lib/<model>
                        /usr/local/share/sdcc/non-free/lib/<model>


## ---------------- ##
## Cache variables. ##
## ---------------- ##

ac_cv_c_char_unsigned=no
ac_cv_c_compiler_gnu=yes
ac_cv_env_CC_set=
ac_cv_env_CC_value=
ac_cv_env_CFLAGS_set=
ac_cv_env_CFLAGS_value=
ac_cv_env_CPPFLAGS_set=
ac_cv_env_CPPFLAGS_value=
ac_cv_env_CPP_set=
ac_cv_env_CPP_value=
ac_cv_env_LDFLAGS_set=
ac_cv_env_LDFLAGS_value=
ac_cv_env_LIBS_set=
ac_cv_env_LIBS_value=
ac_cv_env_LIB_TYPE_set=
ac_cv_env_LIB_TYPE_value=
ac_cv_env_build_alias_set=
ac_cv_env_build_alias_value=
ac_cv_env_docdir_set=set
ac_cv_env_docdir_value='${datarootdir}/doc/${PACKAGE}'
ac_cv_env_host_alias_set=
ac_cv_env_host_alias_value=
ac_cv_env_include_dir_suffix_set=
ac_cv_env_include_dir_suffix_value=
ac_cv_env_lib_dir_suffix_set=
ac_cv_env_lib_dir_suffix_value=
ac_cv_env_non_free_include_dir_suffix_set=
ac_cv_env_non_free_include_dir_suffix_value=
ac_cv_env_non_free_lib_dir_suffix_set=
ac_cv_env_non_free_lib_dir_suffix_value=
ac_cv_env_sdccconf_h_dir_separator_set=
ac_cv_env_sdccconf_h_dir_separator_value=
ac_cv_env_target_alias_set=
ac_cv_env_target_alias_value=
ac_cv_func_mkstemp=yes
ac_cv_func_snprintf=yes
ac_cv_func_strerror=yes
ac_cv_func_vsnprintf=yes
ac_cv_func_vsprintf=yes
ac_cv_header_endian_h=no
ac_cv_header_inttypes_h=yes
ac_cv_header_machine_endian_h=yes
ac_cv_header_memory_h=yes
ac_cv_header_stdc=yes
ac_cv_header_stdint_h=yes
ac_cv_header_stdlib_h=yes
ac_cv_header_string_h=yes
ac_cv_header_strings_h=yes
ac_cv_header_sys_endian_h=no
ac_cv_header_sys_isa_defs_h=no
ac_cv_header_sys_stat_h=yes
ac_cv_header_sys_types_h=yes
ac_cv_header_unistd_h=yes
ac_cv_objext=o
ac_cv_path_EGREP='/usr/bin/grep -E'
ac_cv_path_GREP=/usr/bin/grep
ac_cv_path_install='/usr/bin/install -c'
ac_cv_prog_AR=ar
ac_cv_prog_AS=as
ac_cv_prog_AUTOCONF=autoconf
ac_cv_prog_AWK=awk
ac_cv_prog_CP=cp
ac_cv_prog_CPP='gcc -E'
ac_cv_prog_LATEX2HTML=:
ac_cv_prog_LEX=flex
ac_cv_prog_LYX=:
ac_cv_prog_MAKEINDEX=makeindex
ac_cv_prog_PDFLATEX=pdflatex
ac_cv_prog_PDFOPT=:
ac_cv_prog_STRIP=strip
ac_cv_prog_YACC='bison -y'
ac_cv_prog_ac_ct_CC=gcc
ac_cv_prog_ac_ct_RANLIB=ranlib
ac_cv_prog_cc_c89=
ac_cv_prog_cc_g=yes
ac_cv_sizeof_char=1
ac_cv_sizeof_int=4
ac_cv_sizeof_long=8
ac_cv_sizeof_short=2
ac_cv_type_signal=void
bor_cv_c_ggdb=yes
bor_cv_c_pipe=yes
sdcc_cv_MM=-MM
sdcc_cv_build_bigendian=no
sdcc_cv_version=3.0.2
sdcc_cv_versionhi=3
sdcc_cv_versionlo=0
sdcc_cv_versionp=2

## ----------------- ##
## Output variables. ##
## ----------------- ##

AR='ar'
AR_S_FLAG='-S'
AS='as'
AUTOCONF='autoconf'
AWK='awk'
C99_FLAG='--std=c99'
CC='gcc'
CCACHE=''
CFLAGS='-pipe -ggdb -g -O2'
CP='cp'
CPP='gcc -E'
CPPFLAGS=''
DEFS='-DHAVE_CONFIG_H'
ECHO_C='\c'
ECHO_N=''
ECHO_T=''
EGREP='/usr/bin/grep -E'
EXEEXT=''
GREP='/usr/bin/grep'
INSTALL_DATA='${INSTALL} -m 644'
INSTALL_PROGRAM='${INSTALL}'
INSTALL_SCRIPT='${INSTALL}'
LATEX2HTML=':'
LDFLAGS=''
LEX='flex'
LIBOBJS=''
LIBS=''
LIB_TYPE='RANLIB'
LTLIBOBJS=''
LYX=':'
MAKEDEP='gcc -MM'
MAKEINDEX='makeindex'
OBJEXT='o'
OPT_DISABLE_AVR='1'
OPT_DISABLE_DEVICE_LIB='0'
OPT_DISABLE_DS390='1'
OPT_DISABLE_DS400='1'
OPT_DISABLE_GBZ80='0'
OPT_DISABLE_HC08='1'
OPT_DISABLE_MCS51='1'
OPT_DISABLE_PACKIHX='0'
OPT_DISABLE_PIC14='1'
OPT_DISABLE_PIC16='1'
OPT_DISABLE_SDCDB='0'
OPT_DISABLE_SDCPP='0'
OPT_DISABLE_UCSIM='0'
OPT_DISABLE_XA51='1'
OPT_DISABLE_Z80='0'
OPT_ENABLE_DOC='0'
OPT_ENABLE_LIBGC='0'
PACKAGE='sdcc'
PACKAGE_BUGREPORT=''
PACKAGE_NAME=''
PACKAGE_STRING=''
PACKAGE_TARNAME=''
PACKAGE_URL=''
PACKAGE_VERSION=''
PATH_SEPARATOR=':'
PDFLATEX='pdflatex'
PDFOPT=':'
RANLIB='ranlib'
SHELL='/bin/sh'
STRIP='strip'
VERSION='3.0.2'
VERSIONHI='3'
VERSIONLO='0'
VERSIONP='2'
WALL_FLAG='-Wall'
YACC='bison -y'
ac_ct_CC='gcc'
bindir='${exec_prefix}/bin'
build_alias=''
datadir='${datarootdir}'
datarootdir='${prefix}/share'
docdir='${datarootdir}/doc/${PACKAGE}'
dvidir='${docdir}'
exec_prefix='${prefix}'
host_alias=''
htmldir='${docdir}'
include_dir_suffix='sdcc/include'
includedir='${prefix}/include'
infodir='${datarootdir}/info'
lib_dir_suffix='sdcc/lib'
libdir='${exec_prefix}/lib'
libexecdir='${exec_prefix}/libexec'
localedir='${datarootdir}/locale'
localstatedir='${prefix}/var'
mandir='${datarootdir}/man'
non_free_include_dir_suffix='sdcc/non-free/include'
non_free_lib_dir_suffix='sdcc/non-free/lib'
oldincludedir='/usr/include'
pdfdir='${docdir}'
prefix='/usr/local'
program_transform_name='s,x,x,'
psdir='${docdir}'
sbindir='${exec_prefix}/sbin'
sdccconf_h_dir_separator='/'
sharedstatedir='${prefix}/com'
subdirs=' support/cpp support/packihx sim/ucsim debugger/mcs51'
sysconfdir='${prefix}/etc'
target_alias=''

## ----------- ##
## confdefs.h. ##
## ----------- ##

/* confdefs.h */
#define PACKAGE_NAME ""
#define PACKAGE_TARNAME ""
#define PACKAGE_VERSION ""
#define PACKAGE_STRING ""
#define PACKAGE_BUGREPORT ""
#define PACKAGE_URL ""
#define SDCC_VERSION_LO 0
#define SDCC_VERSION_HI 3
#define SDCC_VERSION_P 2
#define SDCC_VERSION_STR "3.0.2"
#define STDC_HEADERS 1
#define HAVE_SYS_TYPES_H 1
#define HAVE_SYS_STAT_H 1
#define HAVE_STDLIB_H 1
#define HAVE_STRING_H 1
#define HAVE_MEMORY_H 1
#define HAVE_STRINGS_H 1
#define HAVE_INTTYPES_H 1
#define HAVE_STDINT_H 1
#define HAVE_UNISTD_H 1
#define HAVE_MACHINE_ENDIAN_H 1
#define HAVE_STRERROR 1
#define HAVE_VSNPRINTF 1
#define HAVE_SNPRINTF 1
#define HAVE_VSPRINTF 1
#define HAVE_MKSTEMP 1
#define RETSIGTYPE void
#define SIZEOF_CHAR 1
#define SIZEOF_SHORT 2
#define SIZEOF_INT 4
#define SIZEOF_LONG 8
#define TYPE_BYTE char
#define TYPE_WORD short
#define TYPE_DWORD int
#define TYPE_UBYTE unsigned char
#define TYPE_UWORD unsigned short
#define TYPE_UDWORD unsigned int
#define DIR_SEPARATOR_STRING "/"
#define DIR_SEPARATOR_CHAR '/'
#define PREFIX "/usr/local"
#define EXEC_PREFIX "/usr/local"
#define BINDIR "/usr/local/bin"
#define DATADIR "/usr/local/share"
#define INCLUDE_DIR_SUFFIX DIR_SEPARATOR_STRING "sdcc/include"
#define NON_FREE_INCLUDE_DIR_SUFFIX DIR_SEPARATOR_STRING "sdcc/non-free/include"
#define LIB_DIR_SUFFIX DIR_SEPARATOR_STRING "sdcc/lib"
#define NON_FREE_LIB_DIR_SUFFIX DIR_SEPARATOR_STRING "sdcc/non-free/lib"
#define BIN2DATA_DIR DIR_SEPARATOR_STRING "../share"
#define PREFIX2BIN_DIR DIR_SEPARATOR_STRING "bin"
#define PREFIX2DATA_DIR DIR_SEPARATOR_STRING "share"
#define STD_LIB "libsdcc"
#define STD_INT_LIB "libint"
#define STD_LONG_LIB "liblong"
#define STD_FP_LIB "libfloat"
#define STD_DS390_LIB "libds390"
#define STD_DS400_LIB "libds400"
#define STD_XA51_LIB "libxa51"
#define SDCC_DIR_NAME "SDCC_HOME"
#define SDCC_INCLUDE_NAME "SDCC_INCLUDE"
#define SDCC_LIB_NAME "SDCC_LIB"
#define OPT_DISABLE_MCS51 1
#define OPT_DISABLE_GBZ80 0
#define OPT_DISABLE_Z80 0
#define OPT_DISABLE_DS390 1
#define OPT_DISABLE_TININative 1
#define OPT_DISABLE_DS400 1
#define OPT_DISABLE_PIC14 1
#define OPT_DISABLE_PIC16 1
#define OPT_DISABLE_HC08 1
#define OPT_DISABLE_AVR 1
#define OPT_DISABLE_XA51 1
#define OPT_DISABLE_UCSIM 0
#define OPT_DISABLE_DEVICE_LIB 0
#define OPT_DISABLE_PACKIHX 0
#define OPT_DISABLE_SDCPP 0
#define OPT_DISABLE_SDCDB 0
#define OPT_ENABLE_DOC 0
#define OPT_ENABLE_LIBGC 0

configure: exit 0
